{"/Users/mayasolomon/CS196_Project/frontend/App.tsx": {"path":"/Users/mayasolomon/CS196_Project/frontend/App.tsx","statementMap":{"0":{"start":{"line":15,"column":18},"end":{"line":15,"column":56}},"1":{"start":{"line":15,"column":33},"end":{"line":15,"column":55}},"2":{"start":{"line":16,"column":2},"end":{"line":16,"column":28}},"3":{"start":{"line":16,"column":16},"end":{"line":16,"column":28}},"4":{"start":{"line":17,"column":17},"end":{"line":17,"column":32}},"5":{"start":{"line":18,"column":2},"end":{"line":27,"column":4}},"6":{"start":{"line":31,"column":2},"end":{"line":36,"column":9}},"7":{"start":{"line":32,"column":4},"end":{"line":32,"column":41}},"8":{"start":{"line":33,"column":4},"end":{"line":33,"column":46}},"9":{"start":{"line":34,"column":4},"end":{"line":34,"column":45}},"10":{"start":{"line":35,"column":4},"end":{"line":35,"column":45}},"11":{"start":{"line":38,"column":2},"end":{"line":48,"column":4}},"12":{"start":{"line":51,"column":15},"end":{"line":73,"column":2}}},"fnMap":{"0":{"name":"OfflineBanner","decl":{"start":{"line":14,"column":9},"end":{"line":14,"column":22}},"loc":{"start":{"line":14,"column":25},"end":{"line":28,"column":1}},"line":14},"1":{"name":"(anonymous_1)","decl":{"start":{"line":15,"column":26},"end":{"line":15,"column":27}},"loc":{"start":{"line":15,"column":33},"end":{"line":15,"column":55}},"line":15},"2":{"name":"App","decl":{"start":{"line":30,"column":24},"end":{"line":30,"column":27}},"loc":{"start":{"line":30,"column":30},"end":{"line":49,"column":1}},"line":30},"3":{"name":"(anonymous_3)","decl":{"start":{"line":31,"column":12},"end":{"line":31,"column":13}},"loc":{"start":{"line":31,"column":18},"end":{"line":36,"column":3}},"line":31}},"branchMap":{"0":{"loc":{"start":{"line":16,"column":2},"end":{"line":16,"column":28}},"type":"if","locations":[{"start":{"line":16,"column":2},"end":{"line":16,"column":28}},{"start":{},"end":{}}],"line":16}},"s":{"0":1,"1":5,"2":1,"3":1,"4":0,"5":0,"6":1,"7":1,"8":1,"9":1,"10":1,"11":1,"12":1},"f":{"0":1,"1":5,"2":1,"3":1},"b":{"0":[1,0]},"_coverageSchema":"1a1c01bbd47fc00a2c39e90264f33305004495a9","hash":"9e1057d03be29016b86ebd33c994b64395bf7f6c"}
,"/Users/mayasolomon/CS196_Project/frontend/src/api/client.ts": {"path":"/Users/mayasolomon/CS196_Project/frontend/src/api/client.ts","statementMap":{"0":{"start":{"line":1,"column":16},"end":{"line":1,"column":79}},"1":{"start":{"line":4,"column":2},"end":{"line":4,"column":36}},"2":{"start":{"line":12,"column":28},"end":{"line":12,"column":35}},"3":{"start":{"line":13,"column":14},"end":{"line":13,"column":61}},"4":{"start":{"line":14,"column":14},"end":{"line":21,"column":4}},"5":{"start":{"line":22,"column":2},"end":{"line":24,"column":3}},"6":{"start":{"line":23,"column":4},"end":{"line":23,"column":66}},"7":{"start":{"line":25,"column":15},"end":{"line":25,"column":31}},"8":{"start":{"line":26,"column":2},"end":{"line":26,"column":35}},"9":{"start":{"line":26,"column":13},"end":{"line":26,"column":35}},"10":{"start":{"line":27,"column":2},"end":{"line":27,"column":31}}},"fnMap":{"0":{"name":"getApiBaseUrl","decl":{"start":{"line":3,"column":16},"end":{"line":3,"column":29}},"loc":{"start":{"line":3,"column":40},"end":{"line":5,"column":1}},"line":3},"1":{"name":"apiFetch","decl":{"start":{"line":11,"column":22},"end":{"line":11,"column":30}},"loc":{"start":{"line":11,"column":91},"end":{"line":28,"column":1}},"line":11}},"branchMap":{"0":{"loc":{"start":{"line":1,"column":16},"end":{"line":1,"column":79}},"type":"binary-expr","locations":[{"start":{"line":1,"column":16},"end":{"line":1,"column":52}},{"start":{"line":1,"column":56},"end":{"line":1,"column":79}}],"line":1},"1":{"loc":{"start":{"line":11,"column":48},"end":{"line":11,"column":77}},"type":"default-arg","locations":[{"start":{"line":11,"column":75},"end":{"line":11,"column":77}}],"line":11},"2":{"loc":{"start":{"line":20,"column":8},"end":{"line":20,"column":60}},"type":"binary-expr","locations":[{"start":{"line":20,"column":8},"end":{"line":20,"column":26}},{"start":{"line":20,"column":30},"end":{"line":20,"column":60}}],"line":20},"3":{"loc":{"start":{"line":22,"column":2},"end":{"line":24,"column":3}},"type":"if","locations":[{"start":{"line":22,"column":2},"end":{"line":24,"column":3}},{"start":{},"end":{}}],"line":22},"4":{"loc":{"start":{"line":26,"column":2},"end":{"line":26,"column":35}},"type":"if","locations":[{"start":{"line":26,"column":2},"end":{"line":26,"column":35}},{"start":{},"end":{}}],"line":26}},"s":{"0":6,"1":4,"2":4,"3":4,"4":4,"5":4,"6":1,"7":3,"8":3,"9":1,"10":2},"f":{"0":4,"1":4},"b":{"0":[6,5],"1":[4],"2":[4,0],"3":[1,3],"4":[1,2]},"_coverageSchema":"1a1c01bbd47fc00a2c39e90264f33305004495a9","hash":"0db086d0df874d88aa7e91d0454b1e0a79c18014"}
,"/Users/mayasolomon/CS196_Project/frontend/src/api/inventoryApi.ts": {"path":"/Users/mayasolomon/CS196_Project/frontend/src/api/inventoryApi.ts","statementMap":{"0":{"start":{"line":22,"column":2},"end":{"line":22,"column":63}},"1":{"start":{"line":26,"column":2},"end":{"line":29,"column":5}},"2":{"start":{"line":33,"column":2},"end":{"line":35,"column":5}}},"fnMap":{"0":{"name":"getInventory","decl":{"start":{"line":21,"column":22},"end":{"line":21,"column":34}},"loc":{"start":{"line":21,"column":71},"end":{"line":23,"column":1}},"line":21},"1":{"name":"addInventory","decl":{"start":{"line":25,"column":22},"end":{"line":25,"column":34}},"loc":{"start":{"line":25,"column":96},"end":{"line":30,"column":1}},"line":25},"2":{"name":"deleteInventory","decl":{"start":{"line":32,"column":22},"end":{"line":32,"column":37}},"loc":{"start":{"line":32,"column":69},"end":{"line":36,"column":1}},"line":32}},"branchMap":{},"s":{"0":1,"1":1,"2":2},"f":{"0":1,"1":1,"2":2},"b":{},"_coverageSchema":"1a1c01bbd47fc00a2c39e90264f33305004495a9","hash":"865764080914200f8dd3dda50e879721c5f7f2e2"}
,"/Users/mayasolomon/CS196_Project/frontend/src/components/CookbookRecipeCard.tsx": {"path":"/Users/mayasolomon/CS196_Project/frontend/src/components/CookbookRecipeCard.tsx","statementMap":{"0":{"start":{"line":27,"column":19},"end":{"line":27,"column":43}},"1":{"start":{"line":29,"column":2},"end":{"line":90,"column":4}},"2":{"start":{"line":93,"column":15},"end":{"line":136,"column":2}}},"fnMap":{"0":{"name":"CookbookRecipeCard","decl":{"start":{"line":20,"column":16},"end":{"line":20,"column":34}},"loc":{"start":{"line":26,"column":28},"end":{"line":91,"column":1}},"line":26}},"branchMap":{"0":{"loc":{"start":{"line":31,"column":27},"end":{"line":31,"column":59}},"type":"binary-expr","locations":[{"start":{"line":31,"column":27},"end":{"line":31,"column":35}},{"start":{"line":31,"column":39},"end":{"line":31,"column":59}}],"line":31},"1":{"loc":{"start":{"line":35,"column":7},"end":{"line":88,"column":7}},"type":"cond-expr","locations":[{"start":{"line":36,"column":8},"end":{"line":64,"column":15}},{"start":{"line":66,"column":8},"end":{"line":87,"column":15}}],"line":35},"2":{"loc":{"start":{"line":46,"column":13},"end":{"line":50,"column":13}},"type":"binary-expr","locations":[{"start":{"line":46,"column":13},"end":{"line":46,"column":35}},{"start":{"line":47,"column":14},"end":{"line":49,"column":21}}],"line":46},"3":{"loc":{"start":{"line":52,"column":15},"end":{"line":56,"column":15}},"type":"binary-expr","locations":[{"start":{"line":52,"column":15},"end":{"line":52,"column":22}},{"start":{"line":53,"column":16},"end":{"line":55,"column":28}}],"line":52},"4":{"loc":{"start":{"line":54,"column":25},"end":{"line":54,"column":66}},"type":"cond-expr","locations":[{"start":{"line":54,"column":38},"end":{"line":54,"column":51}},{"start":{"line":54,"column":54},"end":{"line":54,"column":66}}],"line":54},"5":{"loc":{"start":{"line":57,"column":15},"end":{"line":61,"column":15}},"type":"binary-expr","locations":[{"start":{"line":57,"column":15},"end":{"line":57,"column":27}},{"start":{"line":58,"column":16},"end":{"line":60,"column":28}}],"line":57},"6":{"loc":{"start":{"line":70,"column":11},"end":{"line":74,"column":11}},"type":"binary-expr","locations":[{"start":{"line":70,"column":11},"end":{"line":70,"column":33}},{"start":{"line":71,"column":12},"end":{"line":73,"column":19}}],"line":70},"7":{"loc":{"start":{"line":76,"column":13},"end":{"line":80,"column":13}},"type":"binary-expr","locations":[{"start":{"line":76,"column":13},"end":{"line":76,"column":20}},{"start":{"line":77,"column":14},"end":{"line":79,"column":26}}],"line":76},"8":{"loc":{"start":{"line":78,"column":23},"end":{"line":78,"column":64}},"type":"cond-expr","locations":[{"start":{"line":78,"column":36},"end":{"line":78,"column":49}},{"start":{"line":78,"column":52},"end":{"line":78,"column":64}}],"line":78},"9":{"loc":{"start":{"line":81,"column":13},"end":{"line":85,"column":13}},"type":"binary-expr","locations":[{"start":{"line":81,"column":13},"end":{"line":81,"column":25}},{"start":{"line":82,"column":14},"end":{"line":84,"column":26}}],"line":81}},"s":{"0":0,"1":0,"2":3},"f":{"0":0},"b":{"0":[0,0],"1":[0,0],"2":[0,0],"3":[0,0],"4":[0,0],"5":[0,0],"6":[0,0],"7":[0,0],"8":[0,0],"9":[0,0]},"_coverageSchema":"1a1c01bbd47fc00a2c39e90264f33305004495a9","hash":"ae9d108f22031e184f0534ee23337d5847fb2b8d"}
,"/Users/mayasolomon/CS196_Project/frontend/src/components/InventoryRow.tsx": {"path":"/Users/mayasolomon/CS196_Project/frontend/src/components/InventoryRow.tsx","statementMap":{"0":{"start":{"line":12,"column":2},"end":{"line":32,"column":4}},"1":{"start":{"line":24,"column":25},"end":{"line":24,"column":42}},"2":{"start":{"line":35,"column":15},"end":{"line":65,"column":2}}},"fnMap":{"0":{"name":"InventoryRow","decl":{"start":{"line":11,"column":16},"end":{"line":11,"column":28}},"loc":{"start":{"line":11,"column":68},"end":{"line":33,"column":1}},"line":11},"1":{"name":"(anonymous_1)","decl":{"start":{"line":24,"column":19},"end":{"line":24,"column":20}},"loc":{"start":{"line":24,"column":25},"end":{"line":24,"column":42}},"line":24}},"branchMap":{"0":{"loc":{"start":{"line":18,"column":11},"end":{"line":18,"column":43}},"type":"cond-expr","locations":[{"start":{"line":18,"column":26},"end":{"line":18,"column":38}},{"start":{"line":18,"column":41},"end":{"line":18,"column":43}}],"line":18},"1":{"loc":{"start":{"line":21,"column":7},"end":{"line":30,"column":7}},"type":"binary-expr","locations":[{"start":{"line":21,"column":7},"end":{"line":21,"column":15}},{"start":{"line":22,"column":8},"end":{"line":29,"column":20}}],"line":21}},"s":{"0":0,"1":0,"2":3},"f":{"0":0,"1":0},"b":{"0":[0,0],"1":[0,0]},"_coverageSchema":"1a1c01bbd47fc00a2c39e90264f33305004495a9","hash":"e8c13b2d6ce29c0f3844c7e417deae31ef4d53cc"}
,"/Users/mayasolomon/CS196_Project/frontend/src/components/RecipeCard.tsx": {"path":"/Users/mayasolomon/CS196_Project/frontend/src/components/RecipeCard.tsx","statementMap":{"0":{"start":{"line":21,"column":2},"end":{"line":41,"column":4}},"1":{"start":{"line":44,"column":15},"end":{"line":71,"column":2}}},"fnMap":{"0":{"name":"RecipeCard","decl":{"start":{"line":14,"column":16},"end":{"line":14,"column":26}},"loc":{"start":{"line":20,"column":20},"end":{"line":42,"column":1}},"line":20}},"branchMap":{},"s":{"0":2,"1":4},"f":{"0":2},"b":{},"_coverageSchema":"1a1c01bbd47fc00a2c39e90264f33305004495a9","hash":"666ceebdebde8c9cf09dcbdc7dbe07a421a05c28"}
,"/Users/mayasolomon/CS196_Project/frontend/src/modals/AddInventoryModal.tsx": {"path":"/Users/mayasolomon/CS196_Project/frontend/src/modals/AddInventoryModal.tsx","statementMap":{"0":{"start":{"line":22,"column":26},"end":{"line":22,"column":38}},"1":{"start":{"line":23,"column":34},"end":{"line":23,"column":46}},"2":{"start":{"line":25,"column":23},"end":{"line":33,"column":3}},"3":{"start":{"line":26,"column":20},"end":{"line":26,"column":31}},"4":{"start":{"line":27,"column":14},"end":{"line":27,"column":34}},"5":{"start":{"line":28,"column":4},"end":{"line":32,"column":5}},"6":{"start":{"line":29,"column":6},"end":{"line":29,"column":50}},"7":{"start":{"line":30,"column":6},"end":{"line":30,"column":18}},"8":{"start":{"line":31,"column":6},"end":{"line":31,"column":22}},"9":{"start":{"line":35,"column":24},"end":{"line":39,"column":3}},"10":{"start":{"line":36,"column":4},"end":{"line":36,"column":16}},"11":{"start":{"line":37,"column":4},"end":{"line":37,"column":20}},"12":{"start":{"line":38,"column":4},"end":{"line":38,"column":14}},"13":{"start":{"line":41,"column":2},"end":{"line":41,"column":28}},"14":{"start":{"line":41,"column":16},"end":{"line":41,"column":28}},"15":{"start":{"line":43,"column":2},"end":{"line":84,"column":4}},"16":{"start":{"line":51,"column":56},"end":{"line":51,"column":75}},"17":{"start":{"line":87,"column":15},"end":{"line":141,"column":2}}},"fnMap":{"0":{"name":"AddInventoryModal","decl":{"start":{"line":17,"column":16},"end":{"line":17,"column":33}},"loc":{"start":{"line":21,"column":27},"end":{"line":85,"column":1}},"line":21},"1":{"name":"(anonymous_1)","decl":{"start":{"line":25,"column":23},"end":{"line":25,"column":24}},"loc":{"start":{"line":25,"column":35},"end":{"line":33,"column":3}},"line":25},"2":{"name":"(anonymous_2)","decl":{"start":{"line":35,"column":24},"end":{"line":35,"column":25}},"loc":{"start":{"line":35,"column":30},"end":{"line":39,"column":3}},"line":35},"3":{"name":"(anonymous_3)","decl":{"start":{"line":51,"column":49},"end":{"line":51,"column":50}},"loc":{"start":{"line":51,"column":56},"end":{"line":51,"column":75}},"line":51}},"branchMap":{"0":{"loc":{"start":{"line":28,"column":4},"end":{"line":32,"column":5}},"type":"if","locations":[{"start":{"line":28,"column":4},"end":{"line":32,"column":5}},{"start":{},"end":{}}],"line":28},"1":{"loc":{"start":{"line":28,"column":8},"end":{"line":28,"column":44}},"type":"binary-expr","locations":[{"start":{"line":28,"column":8},"end":{"line":28,"column":15}},{"start":{"line":28,"column":19},"end":{"line":28,"column":35}},{"start":{"line":28,"column":39},"end":{"line":28,"column":44}}],"line":28},"2":{"loc":{"start":{"line":41,"column":2},"end":{"line":41,"column":28}},"type":"if","locations":[{"start":{"line":41,"column":2},"end":{"line":41,"column":28}},{"start":{},"end":{}}],"line":41},"3":{"loc":{"start":{"line":74,"column":43},"end":{"line":74,"column":95}},"type":"binary-expr","locations":[{"start":{"line":74,"column":44},"end":{"line":74,"column":56}},{"start":{"line":74,"column":60},"end":{"line":74,"column":69}},{"start":{"line":74,"column":74},"end":{"line":74,"column":95}}],"line":74},"4":{"loc":{"start":{"line":76,"column":24},"end":{"line":76,"column":49}},"type":"binary-expr","locations":[{"start":{"line":76,"column":24},"end":{"line":76,"column":36}},{"start":{"line":76,"column":40},"end":{"line":76,"column":49}}],"line":76}},"s":{"0":2,"1":2,"2":2,"3":0,"4":0,"5":0,"6":0,"7":0,"8":0,"9":2,"10":0,"11":0,"12":0,"13":2,"14":2,"15":0,"16":0,"17":3},"f":{"0":2,"1":0,"2":0,"3":0},"b":{"0":[0,0],"1":[0,0,0],"2":[2,0],"3":[0,0,0],"4":[0,0]},"_coverageSchema":"1a1c01bbd47fc00a2c39e90264f33305004495a9","hash":"5750d799f401da1946168f9841104c88b3c45a55"}
,"/Users/mayasolomon/CS196_Project/frontend/src/modals/AddRecipeModal.tsx": {"path":"/Users/mayasolomon/CS196_Project/frontend/src/modals/AddRecipeModal.tsx","statementMap":{"0":{"start":{"line":24,"column":2},"end":{"line":27,"column":21}},"1":{"start":{"line":26,"column":19},"end":{"line":26,"column":30}},"2":{"start":{"line":31,"column":2},"end":{"line":34,"column":21}},"3":{"start":{"line":33,"column":16},"end":{"line":33,"column":24}},"4":{"start":{"line":42,"column":28},"end":{"line":42,"column":40}},"5":{"start":{"line":43,"column":40},"end":{"line":43,"column":52}},"6":{"start":{"line":44,"column":42},"end":{"line":44,"column":54}},"7":{"start":{"line":45,"column":36},"end":{"line":45,"column":48}},"8":{"start":{"line":46,"column":34},"end":{"line":46,"column":73}},"9":{"start":{"line":48,"column":20},"end":{"line":60,"column":3}},"10":{"start":{"line":49,"column":23},"end":{"line":49,"column":78}},"11":{"start":{"line":50,"column":4},"end":{"line":50,"column":36}},"12":{"start":{"line":50,"column":29},"end":{"line":50,"column":36}},"13":{"start":{"line":51,"column":19},"end":{"line":56,"column":6}},"14":{"start":{"line":57,"column":4},"end":{"line":59,"column":5}},"15":{"start":{"line":58,"column":6},"end":{"line":58,"column":40}},"16":{"start":{"line":62,"column":23},"end":{"line":86,"column":3}},"17":{"start":{"line":63,"column":25},"end":{"line":63,"column":37}},"18":{"start":{"line":64,"column":4},"end":{"line":64,"column":30}},"19":{"start":{"line":64,"column":23},"end":{"line":64,"column":30}},"20":{"start":{"line":66,"column":43},"end":{"line":77,"column":5}},"21":{"start":{"line":79,"column":4},"end":{"line":79,"column":53}},"22":{"start":{"line":80,"column":4},"end":{"line":80,"column":17}},"23":{"start":{"line":81,"column":4},"end":{"line":81,"column":23}},"24":{"start":{"line":82,"column":4},"end":{"line":82,"column":24}},"25":{"start":{"line":83,"column":4},"end":{"line":83,"column":21}},"26":{"start":{"line":84,"column":4},"end":{"line":84,"column":27}},"27":{"start":{"line":85,"column":4},"end":{"line":85,"column":14}},"28":{"start":{"line":88,"column":24},"end":{"line":95,"column":3}},"29":{"start":{"line":89,"column":4},"end":{"line":89,"column":17}},"30":{"start":{"line":90,"column":4},"end":{"line":90,"column":23}},"31":{"start":{"line":91,"column":4},"end":{"line":91,"column":24}},"32":{"start":{"line":92,"column":4},"end":{"line":92,"column":21}},"33":{"start":{"line":93,"column":4},"end":{"line":93,"column":27}},"34":{"start":{"line":94,"column":4},"end":{"line":94,"column":14}},"35":{"start":{"line":97,"column":2},"end":{"line":97,"column":28}},"36":{"start":{"line":97,"column":16},"end":{"line":97,"column":28}},"37":{"start":{"line":99,"column":20},"end":{"line":99,"column":43}},"38":{"start":{"line":101,"column":2},"end":{"line":177,"column":4}},"39":{"start":{"line":180,"column":15},"end":{"line":263,"column":2}}},"fnMap":{"0":{"name":"parseLines","decl":{"start":{"line":23,"column":9},"end":{"line":23,"column":19}},"loc":{"start":{"line":23,"column":41},"end":{"line":28,"column":1}},"line":23},"1":{"name":"(anonymous_1)","decl":{"start":{"line":26,"column":9},"end":{"line":26,"column":10}},"loc":{"start":{"line":26,"column":19},"end":{"line":26,"column":30}},"line":26},"2":{"name":"parseTags","decl":{"start":{"line":30,"column":9},"end":{"line":30,"column":18}},"loc":{"start":{"line":30,"column":40},"end":{"line":35,"column":1}},"line":30},"3":{"name":"(anonymous_3)","decl":{"start":{"line":33,"column":9},"end":{"line":33,"column":10}},"loc":{"start":{"line":33,"column":16},"end":{"line":33,"column":24}},"line":33},"4":{"name":"AddRecipeModal","decl":{"start":{"line":37,"column":16},"end":{"line":37,"column":30}},"loc":{"start":{"line":41,"column":24},"end":{"line":178,"column":1}},"line":41},"5":{"name":"(anonymous_5)","decl":{"start":{"line":48,"column":20},"end":{"line":48,"column":21}},"loc":{"start":{"line":48,"column":32},"end":{"line":60,"column":3}},"line":48},"6":{"name":"(anonymous_6)","decl":{"start":{"line":62,"column":23},"end":{"line":62,"column":24}},"loc":{"start":{"line":62,"column":29},"end":{"line":86,"column":3}},"line":62},"7":{"name":"(anonymous_7)","decl":{"start":{"line":88,"column":24},"end":{"line":88,"column":25}},"loc":{"start":{"line":88,"column":30},"end":{"line":95,"column":3}},"line":88}},"branchMap":{"0":{"loc":{"start":{"line":50,"column":4},"end":{"line":50,"column":36}},"type":"if","locations":[{"start":{"line":50,"column":4},"end":{"line":50,"column":36}},{"start":{},"end":{}}],"line":50},"1":{"loc":{"start":{"line":57,"column":4},"end":{"line":59,"column":5}},"type":"if","locations":[{"start":{"line":57,"column":4},"end":{"line":59,"column":5}},{"start":{},"end":{}}],"line":57},"2":{"loc":{"start":{"line":57,"column":8},"end":{"line":57,"column":44}},"type":"binary-expr","locations":[{"start":{"line":57,"column":8},"end":{"line":57,"column":24}},{"start":{"line":57,"column":28},"end":{"line":57,"column":44}}],"line":57},"3":{"loc":{"start":{"line":64,"column":4},"end":{"line":64,"column":30}},"type":"if","locations":[{"start":{"line":64,"column":4},"end":{"line":64,"column":30}},{"start":{},"end":{}}],"line":64},"4":{"loc":{"start":{"line":76,"column":10},"end":{"line":76,"column":38}},"type":"cond-expr","locations":[{"start":{"line":76,"column":21},"end":{"line":76,"column":33}},{"start":{"line":76,"column":36},"end":{"line":76,"column":38}}],"line":76},"5":{"loc":{"start":{"line":97,"column":2},"end":{"line":97,"column":28}},"type":"if","locations":[{"start":{"line":97,"column":2},"end":{"line":97,"column":28}},{"start":{},"end":{}}],"line":97},"6":{"loc":{"start":{"line":156,"column":17},"end":{"line":156,"column":57}},"type":"cond-expr","locations":[{"start":{"line":156,"column":28},"end":{"line":156,"column":42}},{"start":{"line":156,"column":45},"end":{"line":156,"column":57}}],"line":156},"7":{"loc":{"start":{"line":159,"column":13},"end":{"line":165,"column":20}},"type":"cond-expr","locations":[{"start":{"line":160,"column":14},"end":{"line":164,"column":16}},{"start":{"line":165,"column":16},"end":{"line":165,"column":20}}],"line":159},"8":{"loc":{"start":{"line":168,"column":41},"end":{"line":168,"column":76}},"type":"binary-expr","locations":[{"start":{"line":168,"column":41},"end":{"line":168,"column":51}},{"start":{"line":168,"column":55},"end":{"line":168,"column":76}}],"line":168}},"s":{"0":0,"1":0,"2":0,"3":0,"4":1,"5":1,"6":1,"7":1,"8":1,"9":1,"10":0,"11":0,"12":0,"13":0,"14":0,"15":0,"16":1,"17":0,"18":0,"19":0,"20":0,"21":0,"22":0,"23":0,"24":0,"25":0,"26":0,"27":0,"28":1,"29":0,"30":0,"31":0,"32":0,"33":0,"34":0,"35":1,"36":1,"37":0,"38":0,"39":3},"f":{"0":0,"1":0,"2":0,"3":0,"4":1,"5":0,"6":0,"7":0},"b":{"0":[0,0],"1":[0,0],"2":[0,0],"3":[0,0],"4":[0,0],"5":[1,0],"6":[0,0],"7":[0,0],"8":[0,0]},"_coverageSchema":"1a1c01bbd47fc00a2c39e90264f33305004495a9","hash":"d4c67a49c4c214154d8910999d5acc29dd8efc89"}
,"/Users/mayasolomon/CS196_Project/frontend/src/modals/PassReasonModal.tsx": {"path":"/Users/mayasolomon/CS196_Project/frontend/src/modals/PassReasonModal.tsx","statementMap":{"0":{"start":{"line":33,"column":69},"end":{"line":39,"column":1}},"1":{"start":{"line":47,"column":30},"end":{"line":47,"column":69}},"2":{"start":{"line":48,"column":38},"end":{"line":48,"column":50}},"3":{"start":{"line":49,"column":34},"end":{"line":49,"column":46}},"4":{"start":{"line":50,"column":34},"end":{"line":50,"column":46}},"5":{"start":{"line":52,"column":23},"end":{"line":66,"column":3}},"6":{"start":{"line":53,"column":4},"end":{"line":60,"column":5}},"7":{"start":{"line":54,"column":6},"end":{"line":59,"column":9}},"8":{"start":{"line":61,"column":4},"end":{"line":61,"column":20}},"9":{"start":{"line":62,"column":4},"end":{"line":62,"column":22}},"10":{"start":{"line":63,"column":4},"end":{"line":63,"column":20}},"11":{"start":{"line":64,"column":4},"end":{"line":64,"column":20}},"12":{"start":{"line":65,"column":4},"end":{"line":65,"column":14}},"13":{"start":{"line":68,"column":24},"end":{"line":74,"column":3}},"14":{"start":{"line":69,"column":4},"end":{"line":69,"column":20}},"15":{"start":{"line":70,"column":4},"end":{"line":70,"column":22}},"16":{"start":{"line":71,"column":4},"end":{"line":71,"column":20}},"17":{"start":{"line":72,"column":4},"end":{"line":72,"column":20}},"18":{"start":{"line":73,"column":4},"end":{"line":73,"column":14}},"19":{"start":{"line":76,"column":2},"end":{"line":76,"column":28}},"20":{"start":{"line":76,"column":16},"end":{"line":76,"column":28}},"21":{"start":{"line":78,"column":2},"end":{"line":137,"column":4}},"22":{"start":{"line":86,"column":56},"end":{"line":86,"column":75}},"23":{"start":{"line":95,"column":14},"end":{"line":101,"column":26}},"24":{"start":{"line":98,"column":31},"end":{"line":98,"column":51}},"25":{"start":{"line":140,"column":15},"end":{"line":204,"column":2}}},"fnMap":{"0":{"name":"PassReasonModal","decl":{"start":{"line":41,"column":16},"end":{"line":41,"column":31}},"loc":{"start":{"line":46,"column":25},"end":{"line":138,"column":1}},"line":46},"1":{"name":"(anonymous_1)","decl":{"start":{"line":52,"column":23},"end":{"line":52,"column":24}},"loc":{"start":{"line":52,"column":29},"end":{"line":66,"column":3}},"line":52},"2":{"name":"(anonymous_2)","decl":{"start":{"line":68,"column":24},"end":{"line":68,"column":25}},"loc":{"start":{"line":68,"column":30},"end":{"line":74,"column":3}},"line":68},"3":{"name":"(anonymous_3)","decl":{"start":{"line":86,"column":49},"end":{"line":86,"column":50}},"loc":{"start":{"line":86,"column":56},"end":{"line":86,"column":75}},"line":86},"4":{"name":"(anonymous_4)","decl":{"start":{"line":94,"column":32},"end":{"line":94,"column":33}},"loc":{"start":{"line":95,"column":14},"end":{"line":101,"column":26}},"line":95},"5":{"name":"(anonymous_5)","decl":{"start":{"line":98,"column":25},"end":{"line":98,"column":26}},"loc":{"start":{"line":98,"column":31},"end":{"line":98,"column":51}},"line":98}},"branchMap":{"0":{"loc":{"start":{"line":53,"column":4},"end":{"line":60,"column":5}},"type":"if","locations":[{"start":{"line":53,"column":4},"end":{"line":60,"column":5}},{"start":{},"end":{}}],"line":53},"1":{"loc":{"start":{"line":56,"column":12},"end":{"line":56,"column":51}},"type":"cond-expr","locations":[{"start":{"line":56,"column":25},"end":{"line":56,"column":39}},{"start":{"line":56,"column":42},"end":{"line":56,"column":51}}],"line":56},"2":{"loc":{"start":{"line":57,"column":12},"end":{"line":57,"column":47}},"type":"cond-expr","locations":[{"start":{"line":57,"column":23},"end":{"line":57,"column":35}},{"start":{"line":57,"column":38},"end":{"line":57,"column":47}}],"line":57},"3":{"loc":{"start":{"line":58,"column":12},"end":{"line":58,"column":47}},"type":"cond-expr","locations":[{"start":{"line":58,"column":23},"end":{"line":58,"column":35}},{"start":{"line":58,"column":38},"end":{"line":58,"column":47}}],"line":58},"4":{"loc":{"start":{"line":76,"column":2},"end":{"line":76,"column":28}},"type":"if","locations":[{"start":{"line":76,"column":2},"end":{"line":76,"column":28}},{"start":{},"end":{}}],"line":76},"5":{"loc":{"start":{"line":97,"column":39},"end":{"line":97,"column":84}},"type":"binary-expr","locations":[{"start":{"line":97,"column":39},"end":{"line":97,"column":59}},{"start":{"line":97,"column":63},"end":{"line":97,"column":84}}],"line":97},"6":{"loc":{"start":{"line":103,"column":13},"end":{"line":110,"column":13}},"type":"binary-expr","locations":[{"start":{"line":103,"column":13},"end":{"line":103,"column":44}},{"start":{"line":104,"column":14},"end":{"line":109,"column":16}}],"line":103},"7":{"loc":{"start":{"line":111,"column":13},"end":{"line":118,"column":13}},"type":"binary-expr","locations":[{"start":{"line":111,"column":13},"end":{"line":111,"column":43}},{"start":{"line":112,"column":14},"end":{"line":117,"column":16}}],"line":111},"8":{"loc":{"start":{"line":119,"column":13},"end":{"line":127,"column":13}},"type":"binary-expr","locations":[{"start":{"line":119,"column":13},"end":{"line":119,"column":37}},{"start":{"line":120,"column":14},"end":{"line":126,"column":16}}],"line":119},"9":{"loc":{"start":{"line":128,"column":13},"end":{"line":132,"column":13}},"type":"binary-expr","locations":[{"start":{"line":128,"column":13},"end":{"line":128,"column":19}},{"start":{"line":129,"column":14},"end":{"line":131,"column":26}}],"line":128}},"s":{"0":3,"1":6,"2":6,"3":6,"4":6,"5":6,"6":0,"7":0,"8":0,"9":0,"10":0,"11":0,"12":0,"13":6,"14":0,"15":0,"16":0,"17":0,"18":0,"19":6,"20":6,"21":0,"22":0,"23":0,"24":0,"25":3},"f":{"0":6,"1":0,"2":0,"3":0,"4":0,"5":0},"b":{"0":[0,0],"1":[0,0],"2":[0,0],"3":[0,0],"4":[6,0],"5":[0,0],"6":[0,0],"7":[0,0],"8":[0,0],"9":[0,0]},"_coverageSchema":"1a1c01bbd47fc00a2c39e90264f33305004495a9","hash":"fd2f7daffddcb2c147bf6fbbba47e9a1607f6eba"}
,"/Users/mayasolomon/CS196_Project/frontend/src/modals/RecipeDetailModal.tsx": {"path":"/Users/mayasolomon/CS196_Project/frontend/src/modals/RecipeDetailModal.tsx","statementMap":{"0":{"start":{"line":31,"column":2},"end":{"line":31,"column":27}},"1":{"start":{"line":31,"column":15},"end":{"line":31,"column":27}},"2":{"start":{"line":33,"column":2},"end":{"line":133,"column":4}},"3":{"start":{"line":58,"column":16},"end":{"line":60,"column":23}},"4":{"start":{"line":69,"column":14},"end":{"line":71,"column":21}},"5":{"start":{"line":75,"column":14},"end":{"line":77,"column":21}},"6":{"start":{"line":85,"column":14},"end":{"line":87,"column":21}},"7":{"start":{"line":136,"column":15},"end":{"line":215,"column":2}}},"fnMap":{"0":{"name":"RecipeDetailModal","decl":{"start":{"line":23,"column":16},"end":{"line":23,"column":33}},"loc":{"start":{"line":30,"column":27},"end":{"line":134,"column":1}},"line":30},"1":{"name":"(anonymous_1)","decl":{"start":{"line":57,"column":30},"end":{"line":57,"column":31}},"loc":{"start":{"line":58,"column":16},"end":{"line":60,"column":23}},"line":58},"2":{"name":"(anonymous_2)","decl":{"start":{"line":68,"column":40},"end":{"line":68,"column":41}},"loc":{"start":{"line":69,"column":14},"end":{"line":71,"column":21}},"line":69},"3":{"name":"(anonymous_3)","decl":{"start":{"line":74,"column":45},"end":{"line":74,"column":46}},"loc":{"start":{"line":75,"column":14},"end":{"line":77,"column":21}},"line":75},"4":{"name":"(anonymous_4)","decl":{"start":{"line":84,"column":37},"end":{"line":84,"column":38}},"loc":{"start":{"line":85,"column":14},"end":{"line":87,"column":21}},"line":85}},"branchMap":{"0":{"loc":{"start":{"line":31,"column":2},"end":{"line":31,"column":27}},"type":"if","locations":[{"start":{"line":31,"column":2},"end":{"line":31,"column":27}},{"start":{},"end":{}}],"line":31},"1":{"loc":{"start":{"line":49,"column":11},"end":{"line":51,"column":18}},"type":"cond-expr","locations":[{"start":{"line":50,"column":12},"end":{"line":50,"column":95}},{"start":{"line":51,"column":14},"end":{"line":51,"column":18}}],"line":49},"2":{"loc":{"start":{"line":54,"column":11},"end":{"line":63,"column":11}},"type":"binary-expr","locations":[{"start":{"line":54,"column":11},"end":{"line":54,"column":32}},{"start":{"line":55,"column":12},"end":{"line":62,"column":19}}],"line":54},"3":{"loc":{"start":{"line":99,"column":13},"end":{"line":101,"column":20}},"type":"cond-expr","locations":[{"start":{"line":100,"column":14},"end":{"line":100,"column":76}},{"start":{"line":101,"column":16},"end":{"line":101,"column":20}}],"line":99},"4":{"loc":{"start":{"line":105,"column":11},"end":{"line":110,"column":11}},"type":"binary-expr","locations":[{"start":{"line":105,"column":11},"end":{"line":105,"column":33}},{"start":{"line":106,"column":12},"end":{"line":109,"column":19}}],"line":105},"5":{"loc":{"start":{"line":114,"column":13},"end":{"line":118,"column":13}},"type":"binary-expr","locations":[{"start":{"line":114,"column":13},"end":{"line":114,"column":28}},{"start":{"line":115,"column":14},"end":{"line":117,"column":26}}],"line":114},"6":{"loc":{"start":{"line":119,"column":13},"end":{"line":123,"column":13}},"type":"binary-expr","locations":[{"start":{"line":119,"column":13},"end":{"line":119,"column":26}},{"start":{"line":120,"column":14},"end":{"line":122,"column":26}}],"line":119},"7":{"loc":{"start":{"line":124,"column":13},"end":{"line":128,"column":13}},"type":"binary-expr","locations":[{"start":{"line":124,"column":13},"end":{"line":124,"column":27}},{"start":{"line":125,"column":14},"end":{"line":127,"column":26}}],"line":124}},"s":{"0":8,"1":7,"2":1,"3":1,"4":1,"5":1,"6":2,"7":4},"f":{"0":8,"1":1,"2":1,"3":1,"4":2},"b":{"0":[7,1],"1":[0,1],"2":[1,1],"3":[0,1],"4":[1,1],"5":[1,0],"6":[1,0],"7":[1,0]},"_coverageSchema":"1a1c01bbd47fc00a2c39e90264f33305004495a9","hash":"22d03f459aedd41a9a677642d82ddd27a94d753e"}
,"/Users/mayasolomon/CS196_Project/frontend/src/navigation/BottomTabs.tsx": {"path":"/Users/mayasolomon/CS196_Project/frontend/src/navigation/BottomTabs.tsx","statementMap":{"0":{"start":{"line":9,"column":12},"end":{"line":9,"column":38}},"1":{"start":{"line":12,"column":2},"end":{"line":23,"column":4}}},"fnMap":{"0":{"name":"BottomTabs","decl":{"start":{"line":11,"column":16},"end":{"line":11,"column":26}},"loc":{"start":{"line":11,"column":29},"end":{"line":24,"column":1}},"line":11}},"branchMap":{},"s":{"0":2,"1":2},"f":{"0":2},"b":{},"_coverageSchema":"1a1c01bbd47fc00a2c39e90264f33305004495a9","hash":"1dcee91c2e1ade51f7e4e3aa43ba42daf3f93209"}
,"/Users/mayasolomon/CS196_Project/frontend/src/screens/CookbookScreen.tsx": {"path":"/Users/mayasolomon/CS196_Project/frontend/src/screens/CookbookScreen.tsx","statementMap":{"0":{"start":{"line":19,"column":58},"end":{"line":24,"column":1}},"1":{"start":{"line":27,"column":48},"end":{"line":27,"column":63}},"2":{"start":{"line":28,"column":50},"end":{"line":28,"column":79}},"3":{"start":{"line":29,"column":30},"end":{"line":29,"column":61}},"4":{"start":{"line":31,"column":22},"end":{"line":31,"column":57}},"5":{"start":{"line":31,"column":43},"end":{"line":31,"column":56}},"6":{"start":{"line":32,"column":20},"end":{"line":32,"column":53}},"7":{"start":{"line":32,"column":41},"end":{"line":32,"column":52}},"8":{"start":{"line":33,"column":26},"end":{"line":33,"column":65}},"9":{"start":{"line":33,"column":47},"end":{"line":33,"column":64}},"10":{"start":{"line":34,"column":29},"end":{"line":34,"column":72}},"11":{"start":{"line":35,"column":22},"end":{"line":35,"column":58}},"12":{"start":{"line":36,"column":24},"end":{"line":36,"column":62}},"13":{"start":{"line":37,"column":23},"end":{"line":37,"column":60}},"14":{"start":{"line":38,"column":25},"end":{"line":38,"column":64}},"15":{"start":{"line":40,"column":18},"end":{"line":40,"column":130}},"16":{"start":{"line":40,"column":32},"end":{"line":40,"column":58}},"17":{"start":{"line":42,"column":25},"end":{"line":42,"column":96}},"18":{"start":{"line":43,"column":21},"end":{"line":43,"column":59}},"19":{"start":{"line":43,"column":37},"end":{"line":43,"column":59}},"20":{"start":{"line":44,"column":19},"end":{"line":44,"column":63}},"21":{"start":{"line":44,"column":35},"end":{"line":44,"column":63}},"22":{"start":{"line":46,"column":22},"end":{"line":52,"column":45}},"23":{"start":{"line":47,"column":4},"end":{"line":51,"column":5}},"24":{"start":{"line":48,"column":6},"end":{"line":48,"column":31}},"25":{"start":{"line":50,"column":6},"end":{"line":50,"column":37}},"26":{"start":{"line":54,"column":27},"end":{"line":60,"column":53}},"27":{"start":{"line":55,"column":4},"end":{"line":59,"column":5}},"28":{"start":{"line":56,"column":6},"end":{"line":56,"column":31}},"29":{"start":{"line":58,"column":6},"end":{"line":58,"column":29}},"30":{"start":{"line":62,"column":2},"end":{"line":123,"column":4}},"31":{"start":{"line":68,"column":25},"end":{"line":68,"column":49}},"32":{"start":{"line":76,"column":10},"end":{"line":84,"column":22}},"33":{"start":{"line":79,"column":27},"end":{"line":79,"column":41}},"34":{"start":{"line":89,"column":32},"end":{"line":89,"column":39}},"35":{"start":{"line":91,"column":10},"end":{"line":97,"column":12}},"36":{"start":{"line":94,"column":27},"end":{"line":94,"column":55}},"37":{"start":{"line":95,"column":27},"end":{"line":95,"column":44}},"38":{"start":{"line":96,"column":32},"end":{"line":96,"column":57}},"39":{"start":{"line":111,"column":23},"end":{"line":111,"column":48}},"40":{"start":{"line":112,"column":23},"end":{"line":112,"column":48}},"41":{"start":{"line":117,"column":23},"end":{"line":117,"column":48}},"42":{"start":{"line":118,"column":40},"end":{"line":118,"column":67}},"43":{"start":{"line":126,"column":15},"end":{"line":185,"column":2}}},"fnMap":{"0":{"name":"CookbookScreen","decl":{"start":{"line":26,"column":24},"end":{"line":26,"column":38}},"loc":{"start":{"line":26,"column":41},"end":{"line":124,"column":1}},"line":26},"1":{"name":"(anonymous_1)","decl":{"start":{"line":31,"column":36},"end":{"line":31,"column":37}},"loc":{"start":{"line":31,"column":43},"end":{"line":31,"column":56}},"line":31},"2":{"name":"(anonymous_2)","decl":{"start":{"line":32,"column":34},"end":{"line":32,"column":35}},"loc":{"start":{"line":32,"column":41},"end":{"line":32,"column":52}},"line":32},"3":{"name":"(anonymous_3)","decl":{"start":{"line":33,"column":40},"end":{"line":33,"column":41}},"loc":{"start":{"line":33,"column":47},"end":{"line":33,"column":64}},"line":33},"4":{"name":"(anonymous_4)","decl":{"start":{"line":40,"column":26},"end":{"line":40,"column":27}},"loc":{"start":{"line":40,"column":32},"end":{"line":40,"column":58}},"line":40},"5":{"name":"(anonymous_5)","decl":{"start":{"line":43,"column":21},"end":{"line":43,"column":22}},"loc":{"start":{"line":43,"column":37},"end":{"line":43,"column":59}},"line":43},"6":{"name":"(anonymous_6)","decl":{"start":{"line":44,"column":19},"end":{"line":44,"column":20}},"loc":{"start":{"line":44,"column":35},"end":{"line":44,"column":63}},"line":44},"7":{"name":"(anonymous_7)","decl":{"start":{"line":46,"column":34},"end":{"line":46,"column":35}},"loc":{"start":{"line":46,"column":54},"end":{"line":52,"column":3}},"line":46},"8":{"name":"(anonymous_8)","decl":{"start":{"line":54,"column":39},"end":{"line":54,"column":40}},"loc":{"start":{"line":54,"column":61},"end":{"line":60,"column":3}},"line":54},"9":{"name":"(anonymous_9)","decl":{"start":{"line":68,"column":19},"end":{"line":68,"column":20}},"loc":{"start":{"line":68,"column":25},"end":{"line":68,"column":49}},"line":68},"10":{"name":"(anonymous_10)","decl":{"start":{"line":75,"column":21},"end":{"line":75,"column":22}},"loc":{"start":{"line":76,"column":10},"end":{"line":84,"column":22}},"line":76},"11":{"name":"(anonymous_11)","decl":{"start":{"line":79,"column":21},"end":{"line":79,"column":22}},"loc":{"start":{"line":79,"column":27},"end":{"line":79,"column":41}},"line":79},"12":{"name":"(anonymous_12)","decl":{"start":{"line":89,"column":22},"end":{"line":89,"column":23}},"loc":{"start":{"line":89,"column":32},"end":{"line":89,"column":39}},"line":89},"13":{"name":"(anonymous_13)","decl":{"start":{"line":90,"column":20},"end":{"line":90,"column":21}},"loc":{"start":{"line":91,"column":10},"end":{"line":97,"column":12}},"line":91},"14":{"name":"(anonymous_14)","decl":{"start":{"line":94,"column":21},"end":{"line":94,"column":22}},"loc":{"start":{"line":94,"column":27},"end":{"line":94,"column":55}},"line":94},"15":{"name":"(anonymous_15)","decl":{"start":{"line":95,"column":21},"end":{"line":95,"column":22}},"loc":{"start":{"line":95,"column":27},"end":{"line":95,"column":44}},"line":95},"16":{"name":"(anonymous_16)","decl":{"start":{"line":96,"column":26},"end":{"line":96,"column":27}},"loc":{"start":{"line":96,"column":32},"end":{"line":96,"column":57}},"line":96},"17":{"name":"(anonymous_17)","decl":{"start":{"line":111,"column":17},"end":{"line":111,"column":18}},"loc":{"start":{"line":111,"column":23},"end":{"line":111,"column":48}},"line":111},"18":{"name":"(anonymous_18)","decl":{"start":{"line":112,"column":17},"end":{"line":112,"column":18}},"loc":{"start":{"line":112,"column":23},"end":{"line":112,"column":48}},"line":112},"19":{"name":"(anonymous_19)","decl":{"start":{"line":117,"column":17},"end":{"line":117,"column":18}},"loc":{"start":{"line":117,"column":23},"end":{"line":117,"column":48}},"line":117},"20":{"name":"(anonymous_20)","decl":{"start":{"line":118,"column":34},"end":{"line":118,"column":35}},"loc":{"start":{"line":118,"column":40},"end":{"line":118,"column":67}},"line":118}},"branchMap":{"0":{"loc":{"start":{"line":42,"column":25},"end":{"line":42,"column":96}},"type":"cond-expr","locations":[{"start":{"line":42,"column":52},"end":{"line":42,"column":89}},{"start":{"line":42,"column":92},"end":{"line":42,"column":96}}],"line":42},"1":{"loc":{"start":{"line":42,"column":52},"end":{"line":42,"column":89}},"type":"binary-expr","locations":[{"start":{"line":42,"column":52},"end":{"line":42,"column":81}},{"start":{"line":42,"column":85},"end":{"line":42,"column":89}}],"line":42},"2":{"loc":{"start":{"line":47,"column":4},"end":{"line":51,"column":5}},"type":"if","locations":[{"start":{"line":47,"column":4},"end":{"line":51,"column":5}},{"start":{"line":49,"column":11},"end":{"line":51,"column":5}}],"line":47},"3":{"loc":{"start":{"line":55,"column":4},"end":{"line":59,"column":5}},"type":"if","locations":[{"start":{"line":55,"column":4},"end":{"line":59,"column":5}},{"start":{"line":57,"column":11},"end":{"line":59,"column":5}}],"line":55},"4":{"loc":{"start":{"line":78,"column":39},"end":{"line":78,"column":80}},"type":"binary-expr","locations":[{"start":{"line":78,"column":39},"end":{"line":78,"column":53}},{"start":{"line":78,"column":57},"end":{"line":78,"column":80}}],"line":78},"5":{"loc":{"start":{"line":81,"column":46},"end":{"line":81,"column":88}},"type":"binary-expr","locations":[{"start":{"line":81,"column":46},"end":{"line":81,"column":60}},{"start":{"line":81,"column":64},"end":{"line":81,"column":88}}],"line":81},"6":{"loc":{"start":{"line":102,"column":15},"end":{"line":104,"column":74}},"type":"cond-expr","locations":[{"start":{"line":103,"column":18},"end":{"line":103,"column":68}},{"start":{"line":104,"column":18},"end":{"line":104,"column":74}}],"line":102},"7":{"loc":{"start":{"line":104,"column":24},"end":{"line":104,"column":71}},"type":"cond-expr","locations":[{"start":{"line":104,"column":50},"end":{"line":104,"column":62}},{"start":{"line":104,"column":65},"end":{"line":104,"column":71}}],"line":104},"8":{"loc":{"start":{"line":118,"column":17},"end":{"line":118,"column":79}},"type":"cond-expr","locations":[{"start":{"line":118,"column":34},"end":{"line":118,"column":67}},{"start":{"line":118,"column":70},"end":{"line":118,"column":79}}],"line":118}},"s":{"0":3,"1":1,"2":1,"3":1,"4":1,"5":3,"6":1,"7":3,"8":1,"9":3,"10":1,"11":1,"12":1,"13":1,"14":1,"15":1,"16":1,"17":1,"18":1,"19":0,"20":1,"21":0,"22":1,"23":0,"24":0,"25":0,"26":1,"27":0,"28":0,"29":0,"30":1,"31":0,"32":4,"33":0,"34":0,"35":0,"36":0,"37":0,"38":0,"39":0,"40":0,"41":0,"42":0,"43":3},"f":{"0":1,"1":3,"2":3,"3":3,"4":1,"5":0,"6":0,"7":0,"8":0,"9":0,"10":4,"11":0,"12":0,"13":0,"14":0,"15":0,"16":0,"17":0,"18":0,"19":0,"20":0},"b":{"0":[0,1],"1":[0,0],"2":[0,0],"3":[0,0],"4":[4,1],"5":[4,1],"6":[1,0],"7":[0,0],"8":[0,1]},"_coverageSchema":"1a1c01bbd47fc00a2c39e90264f33305004495a9","hash":"5eaaef68ae78ddac70267956096fbb32d850a0ef"}
,"/Users/mayasolomon/CS196_Project/frontend/src/screens/FeedScreen.tsx": {"path":"/Users/mayasolomon/CS196_Project/frontend/src/screens/FeedScreen.tsx","statementMap":{"0":{"start":{"line":13,"column":38},"end":{"line":13,"column":53}},"1":{"start":{"line":14,"column":18},"end":{"line":14,"column":45}},"2":{"start":{"line":14,"column":35},"end":{"line":14,"column":44}},"3":{"start":{"line":15,"column":26},"end":{"line":15,"column":61}},"4":{"start":{"line":15,"column":43},"end":{"line":15,"column":60}},"5":{"start":{"line":16,"column":27},"end":{"line":16,"column":63}},"6":{"start":{"line":16,"column":44},"end":{"line":16,"column":62}},"7":{"start":{"line":17,"column":20},"end":{"line":17,"column":50}},"8":{"start":{"line":18,"column":24},"end":{"line":18,"column":58}},"9":{"start":{"line":19,"column":30},"end":{"line":19,"column":70}},"10":{"start":{"line":20,"column":21},"end":{"line":20,"column":52}},"11":{"start":{"line":21,"column":22},"end":{"line":21,"column":58}},"12":{"start":{"line":22,"column":20},"end":{"line":22,"column":54}},"13":{"start":{"line":24,"column":2},"end":{"line":30,"column":33}},"14":{"start":{"line":25,"column":16},"end":{"line":28,"column":5}},"15":{"start":{"line":26,"column":6},"end":{"line":26,"column":28}},"16":{"start":{"line":27,"column":6},"end":{"line":27,"column":24}},"17":{"start":{"line":29,"column":4},"end":{"line":29,"column":10}},"18":{"start":{"line":32,"column":20},"end":{"line":36,"column":17}},"19":{"start":{"line":33,"column":4},"end":{"line":33,"column":24}},"20":{"start":{"line":34,"column":4},"end":{"line":34,"column":22}},"21":{"start":{"line":35,"column":4},"end":{"line":35,"column":25}},"22":{"start":{"line":38,"column":22},"end":{"line":38,"column":51}},"23":{"start":{"line":38,"column":37},"end":{"line":38,"column":50}},"24":{"start":{"line":39,"column":27},"end":{"line":39,"column":61}},"25":{"start":{"line":39,"column":42},"end":{"line":39,"column":60}},"26":{"start":{"line":40,"column":19},"end":{"line":40,"column":46}},"27":{"start":{"line":41,"column":22},"end":{"line":41,"column":52}},"28":{"start":{"line":42,"column":15},"end":{"line":42,"column":38}},"29":{"start":{"line":43,"column":28},"end":{"line":43,"column":63}},"30":{"start":{"line":43,"column":43},"end":{"line":43,"column":62}},"31":{"start":{"line":44,"column":29},"end":{"line":44,"column":65}},"32":{"start":{"line":44,"column":44},"end":{"line":44,"column":64}},"33":{"start":{"line":45,"column":20},"end":{"line":45,"column":47}},"34":{"start":{"line":45,"column":35},"end":{"line":45,"column":46}},"35":{"start":{"line":46,"column":23},"end":{"line":46,"column":54}},"36":{"start":{"line":47,"column":30},"end":{"line":47,"column":68}},"37":{"start":{"line":48,"column":33},"end":{"line":48,"column":74}},"38":{"start":{"line":50,"column":30},"end":{"line":55,"column":31}},"39":{"start":{"line":51,"column":4},"end":{"line":51,"column":24}},"40":{"start":{"line":52,"column":4},"end":{"line":52,"column":22}},"41":{"start":{"line":53,"column":4},"end":{"line":53,"column":24}},"42":{"start":{"line":54,"column":4},"end":{"line":54,"column":25}},"43":{"start":{"line":57,"column":21},"end":{"line":62,"column":3}},"44":{"start":{"line":58,"column":4},"end":{"line":58,"column":35}},"45":{"start":{"line":59,"column":4},"end":{"line":59,"column":25}},"46":{"start":{"line":60,"column":4},"end":{"line":60,"column":23}},"47":{"start":{"line":61,"column":4},"end":{"line":61,"column":34}},"48":{"start":{"line":64,"column":25},"end":{"line":64,"column":79}},"49":{"start":{"line":64,"column":47},"end":{"line":64,"column":78}},"50":{"start":{"line":65,"column":25},"end":{"line":67,"column":10}},"51":{"start":{"line":66,"column":26},"end":{"line":66,"column":51}},"52":{"start":{"line":69,"column":2},"end":{"line":122,"column":4}},"53":{"start":{"line":81,"column":32},"end":{"line":81,"column":39}},"54":{"start":{"line":86,"column":10},"end":{"line":92,"column":12}},"55":{"start":{"line":88,"column":27},"end":{"line":88,"column":55}},"56":{"start":{"line":89,"column":27},"end":{"line":89,"column":53}},"57":{"start":{"line":90,"column":25},"end":{"line":90,"column":43}},"58":{"start":{"line":91,"column":26},"end":{"line":91,"column":45}},"59":{"start":{"line":98,"column":23},"end":{"line":98,"column":53}},"60":{"start":{"line":99,"column":40},"end":{"line":99,"column":86}},"61":{"start":{"line":100,"column":38},"end":{"line":100,"column":66}},"62":{"start":{"line":101,"column":39},"end":{"line":101,"column":68}},"63":{"start":{"line":125,"column":15},"end":{"line":188,"column":2}}},"fnMap":{"0":{"name":"FeedScreen","decl":{"start":{"line":12,"column":24},"end":{"line":12,"column":34}},"loc":{"start":{"line":12,"column":37},"end":{"line":123,"column":1}},"line":12},"1":{"name":"(anonymous_1)","decl":{"start":{"line":14,"column":28},"end":{"line":14,"column":29}},"loc":{"start":{"line":14,"column":35},"end":{"line":14,"column":44}},"line":14},"2":{"name":"(anonymous_2)","decl":{"start":{"line":15,"column":36},"end":{"line":15,"column":37}},"loc":{"start":{"line":15,"column":43},"end":{"line":15,"column":60}},"line":15},"3":{"name":"(anonymous_3)","decl":{"start":{"line":16,"column":37},"end":{"line":16,"column":38}},"loc":{"start":{"line":16,"column":44},"end":{"line":16,"column":62}},"line":16},"4":{"name":"(anonymous_4)","decl":{"start":{"line":24,"column":12},"end":{"line":24,"column":13}},"loc":{"start":{"line":24,"column":18},"end":{"line":30,"column":3}},"line":24},"5":{"name":"(anonymous_5)","decl":{"start":{"line":25,"column":16},"end":{"line":25,"column":17}},"loc":{"start":{"line":25,"column":28},"end":{"line":28,"column":5}},"line":25},"6":{"name":"(anonymous_6)","decl":{"start":{"line":32,"column":32},"end":{"line":32,"column":33}},"loc":{"start":{"line":32,"column":44},"end":{"line":36,"column":3}},"line":32},"7":{"name":"(anonymous_7)","decl":{"start":{"line":38,"column":30},"end":{"line":38,"column":31}},"loc":{"start":{"line":38,"column":37},"end":{"line":38,"column":50}},"line":38},"8":{"name":"(anonymous_8)","decl":{"start":{"line":39,"column":35},"end":{"line":39,"column":36}},"loc":{"start":{"line":39,"column":42},"end":{"line":39,"column":60}},"line":39},"9":{"name":"(anonymous_9)","decl":{"start":{"line":43,"column":36},"end":{"line":43,"column":37}},"loc":{"start":{"line":43,"column":43},"end":{"line":43,"column":62}},"line":43},"10":{"name":"(anonymous_10)","decl":{"start":{"line":44,"column":37},"end":{"line":44,"column":38}},"loc":{"start":{"line":44,"column":44},"end":{"line":44,"column":64}},"line":44},"11":{"name":"(anonymous_11)","decl":{"start":{"line":45,"column":28},"end":{"line":45,"column":29}},"loc":{"start":{"line":45,"column":35},"end":{"line":45,"column":46}},"line":45},"12":{"name":"(anonymous_12)","decl":{"start":{"line":50,"column":42},"end":{"line":50,"column":43}},"loc":{"start":{"line":50,"column":54},"end":{"line":55,"column":3}},"line":50},"13":{"name":"(anonymous_13)","decl":{"start":{"line":57,"column":21},"end":{"line":57,"column":22}},"loc":{"start":{"line":57,"column":43},"end":{"line":62,"column":3}},"line":57},"14":{"name":"(anonymous_14)","decl":{"start":{"line":64,"column":40},"end":{"line":64,"column":41}},"loc":{"start":{"line":64,"column":47},"end":{"line":64,"column":78}},"line":64},"15":{"name":"(anonymous_15)","decl":{"start":{"line":66,"column":19},"end":{"line":66,"column":20}},"loc":{"start":{"line":66,"column":26},"end":{"line":66,"column":51}},"line":66},"16":{"name":"(anonymous_16)","decl":{"start":{"line":81,"column":22},"end":{"line":81,"column":23}},"loc":{"start":{"line":81,"column":32},"end":{"line":81,"column":39}},"line":81},"17":{"name":"(anonymous_17)","decl":{"start":{"line":85,"column":20},"end":{"line":85,"column":21}},"loc":{"start":{"line":86,"column":10},"end":{"line":92,"column":12}},"line":86},"18":{"name":"(anonymous_18)","decl":{"start":{"line":88,"column":21},"end":{"line":88,"column":22}},"loc":{"start":{"line":88,"column":27},"end":{"line":88,"column":55}},"line":88},"19":{"name":"(anonymous_19)","decl":{"start":{"line":89,"column":21},"end":{"line":89,"column":22}},"loc":{"start":{"line":89,"column":27},"end":{"line":89,"column":53}},"line":89},"20":{"name":"(anonymous_20)","decl":{"start":{"line":90,"column":19},"end":{"line":90,"column":20}},"loc":{"start":{"line":90,"column":25},"end":{"line":90,"column":43}},"line":90},"21":{"name":"(anonymous_21)","decl":{"start":{"line":91,"column":20},"end":{"line":91,"column":21}},"loc":{"start":{"line":91,"column":26},"end":{"line":91,"column":45}},"line":91},"22":{"name":"(anonymous_22)","decl":{"start":{"line":98,"column":17},"end":{"line":98,"column":18}},"loc":{"start":{"line":98,"column":23},"end":{"line":98,"column":53}},"line":98},"23":{"name":"(anonymous_23)","decl":{"start":{"line":99,"column":34},"end":{"line":99,"column":35}},"loc":{"start":{"line":99,"column":40},"end":{"line":99,"column":86}},"line":99},"24":{"name":"(anonymous_24)","decl":{"start":{"line":100,"column":32},"end":{"line":100,"column":33}},"loc":{"start":{"line":100,"column":38},"end":{"line":100,"column":66}},"line":100},"25":{"name":"(anonymous_25)","decl":{"start":{"line":101,"column":33},"end":{"line":101,"column":34}},"loc":{"start":{"line":101,"column":39},"end":{"line":101,"column":68}},"line":101}},"branchMap":{"0":{"loc":{"start":{"line":65,"column":25},"end":{"line":67,"column":10}},"type":"cond-expr","locations":[{"start":{"line":66,"column":6},"end":{"line":66,"column":60}},{"start":{"line":67,"column":6},"end":{"line":67,"column":10}}],"line":65},"1":{"loc":{"start":{"line":66,"column":6},"end":{"line":66,"column":60}},"type":"binary-expr","locations":[{"start":{"line":66,"column":6},"end":{"line":66,"column":52}},{"start":{"line":66,"column":56},"end":{"line":66,"column":60}}],"line":66},"2":{"loc":{"start":{"line":71,"column":7},"end":{"line":78,"column":7}},"type":"binary-expr","locations":[{"start":{"line":71,"column":7},"end":{"line":71,"column":16}},{"start":{"line":72,"column":8},"end":{"line":77,"column":15}}],"line":71},"3":{"loc":{"start":{"line":99,"column":17},"end":{"line":99,"column":98}},"type":"cond-expr","locations":[{"start":{"line":99,"column":34},"end":{"line":99,"column":86}},{"start":{"line":99,"column":89},"end":{"line":99,"column":98}}],"line":99},"4":{"loc":{"start":{"line":100,"column":15},"end":{"line":100,"column":78}},"type":"cond-expr","locations":[{"start":{"line":100,"column":32},"end":{"line":100,"column":66}},{"start":{"line":100,"column":69},"end":{"line":100,"column":78}}],"line":100},"5":{"loc":{"start":{"line":101,"column":16},"end":{"line":101,"column":80}},"type":"cond-expr","locations":[{"start":{"line":101,"column":33},"end":{"line":101,"column":68}},{"start":{"line":101,"column":71},"end":{"line":101,"column":80}}],"line":101},"6":{"loc":{"start":{"line":103,"column":7},"end":{"line":115,"column":7}},"type":"binary-expr","locations":[{"start":{"line":103,"column":7},"end":{"line":103,"column":18}},{"start":{"line":104,"column":8},"end":{"line":114,"column":15}}],"line":103},"7":{"loc":{"start":{"line":118,"column":18},"end":{"line":118,"column":44}},"type":"binary-expr","locations":[{"start":{"line":118,"column":18},"end":{"line":118,"column":36}},{"start":{"line":118,"column":40},"end":{"line":118,"column":44}}],"line":118}},"s":{"0":6,"1":6,"2":21,"3":6,"4":21,"5":6,"6":21,"7":6,"8":6,"9":6,"10":6,"11":6,"12":6,"13":6,"14":3,"15":3,"16":3,"17":3,"18":6,"19":0,"20":0,"21":0,"22":6,"23":24,"24":6,"25":24,"26":6,"27":6,"28":6,"29":6,"30":24,"31":6,"32":24,"33":6,"34":24,"35":6,"36":6,"37":6,"38":6,"39":0,"40":0,"41":0,"42":0,"43":6,"44":0,"45":0,"46":0,"47":0,"48":6,"49":0,"50":6,"51":0,"52":6,"53":0,"54":0,"55":0,"56":0,"57":0,"58":0,"59":0,"60":0,"61":0,"62":0,"63":3},"f":{"0":6,"1":21,"2":21,"3":21,"4":3,"5":3,"6":0,"7":24,"8":24,"9":24,"10":24,"11":24,"12":0,"13":0,"14":0,"15":0,"16":0,"17":0,"18":0,"19":0,"20":0,"21":0,"22":0,"23":0,"24":0,"25":0},"b":{"0":[0,6],"1":[0,0],"2":[6,0],"3":[0,6],"4":[0,6],"5":[0,6],"6":[6,0],"7":[6,6]},"_coverageSchema":"1a1c01bbd47fc00a2c39e90264f33305004495a9","hash":"dd8771481989468f04647bbc302717d68d00b7dc"}
,"/Users/mayasolomon/CS196_Project/frontend/src/screens/InventoryScreen.tsx": {"path":"/Users/mayasolomon/CS196_Project/frontend/src/screens/InventoryScreen.tsx","statementMap":{"0":{"start":{"line":14,"column":48},"end":{"line":14,"column":63}},"1":{"start":{"line":15,"column":16},"end":{"line":15,"column":46}},"2":{"start":{"line":15,"column":38},"end":{"line":15,"column":45}},"3":{"start":{"line":16,"column":16},"end":{"line":16,"column":46}},"4":{"start":{"line":16,"column":38},"end":{"line":16,"column":45}},"5":{"start":{"line":17,"column":25},"end":{"line":17,"column":65}},"6":{"start":{"line":18,"column":24},"end":{"line":18,"column":63}},"7":{"start":{"line":19,"column":27},"end":{"line":19,"column":69}},"8":{"start":{"line":20,"column":30},"end":{"line":20,"column":75}},"9":{"start":{"line":21,"column":21},"end":{"line":21,"column":57}},"10":{"start":{"line":23,"column":2},"end":{"line":29,"column":38}},"11":{"start":{"line":24,"column":16},"end":{"line":27,"column":5}},"12":{"start":{"line":25,"column":6},"end":{"line":25,"column":28}},"13":{"start":{"line":26,"column":6},"end":{"line":26,"column":29}},"14":{"start":{"line":28,"column":4},"end":{"line":28,"column":10}},"15":{"start":{"line":31,"column":19},"end":{"line":48,"column":13}},"16":{"start":{"line":32,"column":17},"end":{"line":32,"column":36}},"17":{"start":{"line":33,"column":18},"end":{"line":33,"column":35}},"18":{"start":{"line":34,"column":63},"end":{"line":34,"column":65}},"19":{"start":{"line":35,"column":4},"end":{"line":37,"column":5}},"20":{"start":{"line":36,"column":6},"end":{"line":36,"column":58}},"21":{"start":{"line":38,"column":4},"end":{"line":46,"column":5}},"22":{"start":{"line":39,"column":19},"end":{"line":39,"column":35}},"23":{"start":{"line":40,"column":6},"end":{"line":45,"column":7}},"24":{"start":{"line":41,"column":8},"end":{"line":44,"column":11}},"25":{"start":{"line":47,"column":4},"end":{"line":47,"column":18}},"26":{"start":{"line":50,"column":26},"end":{"line":55,"column":3}},"27":{"start":{"line":51,"column":4},"end":{"line":51,"column":43}},"28":{"start":{"line":52,"column":4},"end":{"line":54,"column":5}},"29":{"start":{"line":53,"column":6},"end":{"line":53,"column":32}},"30":{"start":{"line":57,"column":2},"end":{"line":102,"column":4}},"31":{"start":{"line":63,"column":25},"end":{"line":63,"column":49}},"32":{"start":{"line":79,"column":32},"end":{"line":79,"column":39}},"33":{"start":{"line":81,"column":10},"end":{"line":83,"column":17}},"34":{"start":{"line":86,"column":10},"end":{"line":86,"column":69}},"35":{"start":{"line":98,"column":23},"end":{"line":98,"column":48}},"36":{"start":{"line":105,"column":15},"end":{"line":167,"column":2}}},"fnMap":{"0":{"name":"InventoryScreen","decl":{"start":{"line":13,"column":24},"end":{"line":13,"column":39}},"loc":{"start":{"line":13,"column":42},"end":{"line":103,"column":1}},"line":13},"1":{"name":"(anonymous_1)","decl":{"start":{"line":15,"column":31},"end":{"line":15,"column":32}},"loc":{"start":{"line":15,"column":38},"end":{"line":15,"column":45}},"line":15},"2":{"name":"(anonymous_2)","decl":{"start":{"line":16,"column":31},"end":{"line":16,"column":32}},"loc":{"start":{"line":16,"column":38},"end":{"line":16,"column":45}},"line":16},"3":{"name":"(anonymous_3)","decl":{"start":{"line":23,"column":12},"end":{"line":23,"column":13}},"loc":{"start":{"line":23,"column":18},"end":{"line":29,"column":3}},"line":23},"4":{"name":"(anonymous_4)","decl":{"start":{"line":24,"column":16},"end":{"line":24,"column":17}},"loc":{"start":{"line":24,"column":28},"end":{"line":27,"column":5}},"line":24},"5":{"name":"(anonymous_5)","decl":{"start":{"line":31,"column":27},"end":{"line":31,"column":28}},"loc":{"start":{"line":31,"column":33},"end":{"line":48,"column":3}},"line":31},"6":{"name":"(anonymous_6)","decl":{"start":{"line":50,"column":26},"end":{"line":50,"column":27}},"loc":{"start":{"line":50,"column":68},"end":{"line":55,"column":3}},"line":50},"7":{"name":"(anonymous_7)","decl":{"start":{"line":63,"column":19},"end":{"line":63,"column":20}},"loc":{"start":{"line":63,"column":25},"end":{"line":63,"column":49}},"line":63},"8":{"name":"(anonymous_8)","decl":{"start":{"line":79,"column":22},"end":{"line":79,"column":23}},"loc":{"start":{"line":79,"column":32},"end":{"line":79,"column":39}},"line":79},"9":{"name":"(anonymous_9)","decl":{"start":{"line":80,"column":29},"end":{"line":80,"column":30}},"loc":{"start":{"line":81,"column":10},"end":{"line":83,"column":17}},"line":81},"10":{"name":"(anonymous_10)","decl":{"start":{"line":85,"column":20},"end":{"line":85,"column":21}},"loc":{"start":{"line":86,"column":10},"end":{"line":86,"column":69}},"line":86},"11":{"name":"(anonymous_11)","decl":{"start":{"line":98,"column":17},"end":{"line":98,"column":18}},"loc":{"start":{"line":98,"column":23},"end":{"line":98,"column":48}},"line":98}},"branchMap":{"0":{"loc":{"start":{"line":35,"column":4},"end":{"line":37,"column":5}},"type":"if","locations":[{"start":{"line":35,"column":4},"end":{"line":37,"column":5}},{"start":{},"end":{}}],"line":35},"1":{"loc":{"start":{"line":39,"column":19},"end":{"line":39,"column":35}},"type":"binary-expr","locations":[{"start":{"line":39,"column":19},"end":{"line":39,"column":29}},{"start":{"line":39,"column":33},"end":{"line":39,"column":35}}],"line":39},"2":{"loc":{"start":{"line":40,"column":6},"end":{"line":45,"column":7}},"type":"if","locations":[{"start":{"line":40,"column":6},"end":{"line":45,"column":7}},{"start":{},"end":{}}],"line":40},"3":{"loc":{"start":{"line":52,"column":4},"end":{"line":54,"column":5}},"type":"if","locations":[{"start":{"line":52,"column":4},"end":{"line":54,"column":5}},{"start":{},"end":{}}],"line":52},"4":{"loc":{"start":{"line":69,"column":7},"end":{"line":76,"column":14}},"type":"cond-expr","locations":[{"start":{"line":70,"column":8},"end":{"line":75,"column":15}},{"start":{"line":76,"column":10},"end":{"line":76,"column":14}}],"line":69}},"s":{"0":2,"1":2,"2":8,"3":2,"4":8,"5":2,"6":2,"7":2,"8":2,"9":2,"10":2,"11":1,"12":1,"13":1,"14":1,"15":2,"16":2,"17":2,"18":2,"19":2,"20":0,"21":2,"22":6,"23":6,"24":0,"25":2,"26":2,"27":0,"28":0,"29":0,"30":2,"31":0,"32":0,"33":0,"34":0,"35":0,"36":3},"f":{"0":2,"1":8,"2":8,"3":1,"4":1,"5":2,"6":0,"7":0,"8":0,"9":0,"10":0,"11":0},"b":{"0":[0,2],"1":[6,0],"2":[0,6],"3":[0,0],"4":[0,2]},"_coverageSchema":"1a1c01bbd47fc00a2c39e90264f33305004495a9","hash":"7908e1897598e9519c2cf7ef4084db35d8cc3c98"}
,"/Users/mayasolomon/CS196_Project/frontend/src/screens/UpcomingScreen.tsx": {"path":"/Users/mayasolomon/CS196_Project/frontend/src/screens/UpcomingScreen.tsx","statementMap":{"0":{"start":{"line":9,"column":31},"end":{"line":9,"column":61}},"1":{"start":{"line":10,"column":46},"end":{"line":14,"column":1}},"2":{"start":{"line":17,"column":17},"end":{"line":17,"column":47}},"3":{"start":{"line":17,"column":38},"end":{"line":17,"column":46}},"4":{"start":{"line":18,"column":18},"end":{"line":18,"column":45}},"5":{"start":{"line":18,"column":35},"end":{"line":18,"column":44}},"6":{"start":{"line":20,"column":20},"end":{"line":24,"column":15}},"7":{"start":{"line":21,"column":16},"end":{"line":21,"column":41}},"8":{"start":{"line":22,"column":4},"end":{"line":22,"column":45}},"9":{"start":{"line":22,"column":27},"end":{"line":22,"column":43}},"10":{"start":{"line":23,"column":4},"end":{"line":23,"column":15}},"11":{"start":{"line":26,"column":19},"end":{"line":34,"column":25}},"12":{"start":{"line":27,"column":16},"end":{"line":32,"column":6}},"13":{"start":{"line":28,"column":19},"end":{"line":30,"column":82}},"14":{"start":{"line":29,"column":23},"end":{"line":29,"column":42}},"15":{"start":{"line":30,"column":21},"end":{"line":30,"column":80}},"16":{"start":{"line":31,"column":6},"end":{"line":31,"column":52}},"17":{"start":{"line":33,"column":4},"end":{"line":33,"column":48}},"18":{"start":{"line":33,"column":29},"end":{"line":33,"column":46}},"19":{"start":{"line":36,"column":2},"end":{"line":60,"column":4}},"20":{"start":{"line":40,"column":32},"end":{"line":40,"column":45}},"21":{"start":{"line":42,"column":10},"end":{"line":44,"column":17}},"22":{"start":{"line":47,"column":10},"end":{"line":51,"column":17}},"23":{"start":{"line":63,"column":15},"end":{"line":93,"column":2}}},"fnMap":{"0":{"name":"UpcomingScreen","decl":{"start":{"line":16,"column":24},"end":{"line":16,"column":38}},"loc":{"start":{"line":16,"column":41},"end":{"line":61,"column":1}},"line":16},"1":{"name":"(anonymous_1)","decl":{"start":{"line":17,"column":31},"end":{"line":17,"column":32}},"loc":{"start":{"line":17,"column":38},"end":{"line":17,"column":46}},"line":17},"2":{"name":"(anonymous_2)","decl":{"start":{"line":18,"column":28},"end":{"line":18,"column":29}},"loc":{"start":{"line":18,"column":35},"end":{"line":18,"column":44}},"line":18},"3":{"name":"(anonymous_3)","decl":{"start":{"line":20,"column":28},"end":{"line":20,"column":29}},"loc":{"start":{"line":20,"column":34},"end":{"line":24,"column":3}},"line":20},"4":{"name":"(anonymous_4)","decl":{"start":{"line":22,"column":20},"end":{"line":22,"column":21}},"loc":{"start":{"line":22,"column":27},"end":{"line":22,"column":43}},"line":22},"5":{"name":"(anonymous_5)","decl":{"start":{"line":26,"column":27},"end":{"line":26,"column":28}},"loc":{"start":{"line":26,"column":33},"end":{"line":34,"column":3}},"line":26},"6":{"name":"(anonymous_6)","decl":{"start":{"line":27,"column":33},"end":{"line":27,"column":34}},"loc":{"start":{"line":27,"column":45},"end":{"line":32,"column":5}},"line":27},"7":{"name":"(anonymous_7)","decl":{"start":{"line":29,"column":16},"end":{"line":29,"column":17}},"loc":{"start":{"line":29,"column":23},"end":{"line":29,"column":42}},"line":29},"8":{"name":"(anonymous_8)","decl":{"start":{"line":30,"column":13},"end":{"line":30,"column":14}},"loc":{"start":{"line":30,"column":21},"end":{"line":30,"column":80}},"line":30},"9":{"name":"(anonymous_9)","decl":{"start":{"line":33,"column":22},"end":{"line":33,"column":23}},"loc":{"start":{"line":33,"column":29},"end":{"line":33,"column":46}},"line":33},"10":{"name":"(anonymous_10)","decl":{"start":{"line":40,"column":22},"end":{"line":40,"column":23}},"loc":{"start":{"line":40,"column":32},"end":{"line":40,"column":45}},"line":40},"11":{"name":"(anonymous_11)","decl":{"start":{"line":41,"column":29},"end":{"line":41,"column":30}},"loc":{"start":{"line":42,"column":10},"end":{"line":44,"column":17}},"line":42},"12":{"name":"(anonymous_12)","decl":{"start":{"line":46,"column":20},"end":{"line":46,"column":21}},"loc":{"start":{"line":47,"column":10},"end":{"line":51,"column":17}},"line":47}},"branchMap":{"0":{"loc":{"start":{"line":49,"column":15},"end":{"line":49,"column":53}},"type":"binary-expr","locations":[{"start":{"line":49,"column":15},"end":{"line":49,"column":33}},{"start":{"line":49,"column":37},"end":{"line":49,"column":53}}],"line":49}},"s":{"0":3,"1":3,"2":1,"3":3,"4":1,"5":3,"6":1,"7":1,"8":1,"9":0,"10":1,"11":1,"12":1,"13":3,"14":0,"15":0,"16":3,"17":1,"18":3,"19":1,"20":0,"21":0,"22":0,"23":3},"f":{"0":1,"1":3,"2":3,"3":1,"4":0,"5":1,"6":3,"7":0,"8":0,"9":3,"10":0,"11":0,"12":0},"b":{"0":[0,0]},"_coverageSchema":"1a1c01bbd47fc00a2c39e90264f33305004495a9","hash":"ba8d43c862d1ab2e829a7ce5645e0f9472cea149"}
,"/Users/mayasolomon/CS196_Project/frontend/src/services/cache.ts": {"path":"/Users/mayasolomon/CS196_Project/frontend/src/services/cache.ts","statementMap":{"0":{"start":{"line":3,"column":17},"end":{"line":3,"column":29}},"1":{"start":{"line":4,"column":22},"end":{"line":4,"column":39}},"2":{"start":{"line":5,"column":21},"end":{"line":5,"column":37}},"3":{"start":{"line":6,"column":21},"end":{"line":6,"column":37}},"4":{"start":{"line":8,"column":25},"end":{"line":13,"column":10}},"5":{"start":{"line":16,"column":2},"end":{"line":22,"column":3}},"6":{"start":{"line":17,"column":16},"end":{"line":17,"column":47}},"7":{"start":{"line":18,"column":4},"end":{"line":18,"column":33}},"8":{"start":{"line":18,"column":21},"end":{"line":18,"column":33}},"9":{"start":{"line":19,"column":4},"end":{"line":19,"column":32}},"10":{"start":{"line":21,"column":4},"end":{"line":21,"column":16}},"11":{"start":{"line":26,"column":2},"end":{"line":30,"column":3}},"12":{"start":{"line":27,"column":4},"end":{"line":27,"column":59}}},"fnMap":{"0":{"name":"getJson","decl":{"start":{"line":15,"column":22},"end":{"line":15,"column":29}},"loc":{"start":{"line":15,"column":65},"end":{"line":23,"column":1}},"line":15},"1":{"name":"setJson","decl":{"start":{"line":25,"column":22},"end":{"line":25,"column":29}},"loc":{"start":{"line":25,"column":74},"end":{"line":31,"column":1}},"line":25}},"branchMap":{"0":{"loc":{"start":{"line":18,"column":4},"end":{"line":18,"column":33}},"type":"if","locations":[{"start":{"line":18,"column":4},"end":{"line":18,"column":33}},{"start":{},"end":{}}],"line":18}},"s":{"0":5,"1":5,"2":5,"3":5,"4":5,"5":12,"6":12,"7":11,"8":9,"9":2,"10":2,"11":19,"12":19},"f":{"0":12,"1":19},"b":{"0":[9,2]},"_coverageSchema":"1a1c01bbd47fc00a2c39e90264f33305004495a9","hash":"9b1e7150811c4d79bd8626b51cea1f25268d9491"}
,"/Users/mayasolomon/CS196_Project/frontend/src/store/cookbookStore.ts": {"path":"/Users/mayasolomon/CS196_Project/frontend/src/store/cookbookStore.ts","statementMap":{"0":{"start":{"line":16,"column":2},"end":{"line":16,"column":37}},"1":{"start":{"line":19,"column":29},"end":{"line":108,"column":3}},"2":{"start":{"line":31,"column":18},"end":{"line":108,"column":1}},"3":{"start":{"line":38,"column":4},"end":{"line":47,"column":6}},"4":{"start":{"line":39,"column":6},"end":{"line":39,"column":59}},"5":{"start":{"line":39,"column":46},"end":{"line":39,"column":59}},"6":{"start":{"line":41,"column":8},"end":{"line":43,"column":29}},"7":{"start":{"line":44,"column":24},"end":{"line":44,"column":54}},"8":{"start":{"line":45,"column":6},"end":{"line":45,"column":114}},"9":{"start":{"line":46,"column":6},"end":{"line":46,"column":40}},"10":{"start":{"line":50,"column":4},"end":{"line":54,"column":6}},"11":{"start":{"line":51,"column":24},"end":{"line":51,"column":71}},"12":{"start":{"line":51,"column":55},"end":{"line":51,"column":70}},"13":{"start":{"line":52,"column":6},"end":{"line":52,"column":39}},"14":{"start":{"line":53,"column":6},"end":{"line":53,"column":27}},"15":{"start":{"line":57,"column":15},"end":{"line":57,"column":33}},"16":{"start":{"line":58,"column":27},"end":{"line":58,"column":48}},"17":{"start":{"line":59,"column":4},"end":{"line":64,"column":7}},"18":{"start":{"line":60,"column":26},"end":{"line":60,"column":64}},"19":{"start":{"line":61,"column":26},"end":{"line":61,"column":52}},"20":{"start":{"line":62,"column":6},"end":{"line":62,"column":112}},"21":{"start":{"line":63,"column":6},"end":{"line":63,"column":42}},"22":{"start":{"line":65,"column":4},"end":{"line":65,"column":14}},"23":{"start":{"line":69,"column":4},"end":{"line":74,"column":6}},"24":{"start":{"line":70,"column":6},"end":{"line":70,"column":65}},"25":{"start":{"line":70,"column":52},"end":{"line":70,"column":65}},"26":{"start":{"line":71,"column":30},"end":{"line":71,"column":66}},"27":{"start":{"line":72,"column":6},"end":{"line":72,"column":45}},"28":{"start":{"line":73,"column":6},"end":{"line":73,"column":33}},"29":{"start":{"line":77,"column":4},"end":{"line":81,"column":6}},"30":{"start":{"line":78,"column":30},"end":{"line":78,"column":83}},"31":{"start":{"line":78,"column":67},"end":{"line":78,"column":82}},"32":{"start":{"line":79,"column":6},"end":{"line":79,"column":45}},"33":{"start":{"line":80,"column":6},"end":{"line":80,"column":33}},"34":{"start":{"line":84,"column":17},"end":{"line":84,"column":92}},"35":{"start":{"line":85,"column":4},"end":{"line":85,"column":22}},"36":{"start":{"line":85,"column":15},"end":{"line":85,"column":22}},"37":{"start":{"line":86,"column":4},"end":{"line":86,"column":65}},"38":{"start":{"line":86,"column":26},"end":{"line":86,"column":65}},"39":{"start":{"line":87,"column":4},"end":{"line":87,"column":59}},"40":{"start":{"line":87,"column":24},"end":{"line":87,"column":59}},"41":{"start":{"line":88,"column":4},"end":{"line":89,"column":66}},"42":{"start":{"line":88,"column":26},"end":{"line":88,"column":65}},"43":{"start":{"line":89,"column":9},"end":{"line":89,"column":66}},"44":{"start":{"line":89,"column":29},"end":{"line":89,"column":66}},"45":{"start":{"line":90,"column":4},"end":{"line":90,"column":77}},"46":{"start":{"line":90,"column":30},"end":{"line":90,"column":77}},"47":{"start":{"line":94,"column":69},"end":{"line":94,"column":74}},"48":{"start":{"line":95,"column":17},"end":{"line":95,"column":43}},"49":{"start":{"line":96,"column":4},"end":{"line":106,"column":5}},"50":{"start":{"line":98,"column":8},"end":{"line":98,"column":60}},"51":{"start":{"line":98,"column":34},"end":{"line":98,"column":58}},"52":{"start":{"line":100,"column":8},"end":{"line":100,"column":62}},"53":{"start":{"line":100,"column":34},"end":{"line":100,"column":60}},"54":{"start":{"line":102,"column":8},"end":{"line":102,"column":66}},"55":{"start":{"line":102,"column":34},"end":{"line":102,"column":64}},"56":{"start":{"line":105,"column":8},"end":{"line":105,"column":20}}},"fnMap":{"0":{"name":"persist","decl":{"start":{"line":15,"column":9},"end":{"line":15,"column":16}},"loc":{"start":{"line":15,"column":39},"end":{"line":17,"column":1}},"line":15},"1":{"name":"(anonymous_1)","decl":{"start":{"line":31,"column":3},"end":{"line":31,"column":4}},"loc":{"start":{"line":31,"column":18},"end":{"line":108,"column":1}},"line":31},"2":{"name":"(anonymous_2)","decl":{"start":{"line":37,"column":15},"end":{"line":37,"column":16}},"loc":{"start":{"line":38,"column":4},"end":{"line":47,"column":6}},"line":38},"3":{"name":"(anonymous_3)","decl":{"start":{"line":38,"column":8},"end":{"line":38,"column":9}},"loc":{"start":{"line":38,"column":19},"end":{"line":47,"column":5}},"line":38},"4":{"name":"(anonymous_4)","decl":{"start":{"line":49,"column":17},"end":{"line":49,"column":18}},"loc":{"start":{"line":50,"column":4},"end":{"line":54,"column":6}},"line":50},"5":{"name":"(anonymous_5)","decl":{"start":{"line":50,"column":8},"end":{"line":50,"column":9}},"loc":{"start":{"line":50,"column":19},"end":{"line":54,"column":5}},"line":50},"6":{"name":"(anonymous_6)","decl":{"start":{"line":51,"column":47},"end":{"line":51,"column":48}},"loc":{"start":{"line":51,"column":55},"end":{"line":51,"column":70}},"line":51},"7":{"name":"(anonymous_7)","decl":{"start":{"line":56,"column":15},"end":{"line":56,"column":16}},"loc":{"start":{"line":56,"column":31},"end":{"line":66,"column":3}},"line":56},"8":{"name":"(anonymous_8)","decl":{"start":{"line":59,"column":8},"end":{"line":59,"column":9}},"loc":{"start":{"line":59,"column":19},"end":{"line":64,"column":5}},"line":59},"9":{"name":"(anonymous_9)","decl":{"start":{"line":68,"column":16},"end":{"line":68,"column":17}},"loc":{"start":{"line":69,"column":4},"end":{"line":74,"column":6}},"line":69},"10":{"name":"(anonymous_10)","decl":{"start":{"line":69,"column":8},"end":{"line":69,"column":9}},"loc":{"start":{"line":69,"column":19},"end":{"line":74,"column":5}},"line":69},"11":{"name":"(anonymous_11)","decl":{"start":{"line":76,"column":18},"end":{"line":76,"column":19}},"loc":{"start":{"line":77,"column":4},"end":{"line":81,"column":6}},"line":77},"12":{"name":"(anonymous_12)","decl":{"start":{"line":77,"column":8},"end":{"line":77,"column":9}},"loc":{"start":{"line":77,"column":19},"end":{"line":81,"column":5}},"line":77},"13":{"name":"(anonymous_13)","decl":{"start":{"line":78,"column":59},"end":{"line":78,"column":60}},"loc":{"start":{"line":78,"column":67},"end":{"line":78,"column":82}},"line":78},"14":{"name":"(anonymous_14)","decl":{"start":{"line":83,"column":17},"end":{"line":83,"column":18}},"loc":{"start":{"line":83,"column":29},"end":{"line":91,"column":3}},"line":83},"15":{"name":"(anonymous_15)","decl":{"start":{"line":93,"column":22},"end":{"line":93,"column":23}},"loc":{"start":{"line":93,"column":34},"end":{"line":107,"column":3}},"line":93},"16":{"name":"(anonymous_16)","decl":{"start":{"line":98,"column":27},"end":{"line":98,"column":28}},"loc":{"start":{"line":98,"column":34},"end":{"line":98,"column":58}},"line":98},"17":{"name":"(anonymous_17)","decl":{"start":{"line":100,"column":27},"end":{"line":100,"column":28}},"loc":{"start":{"line":100,"column":34},"end":{"line":100,"column":60}},"line":100},"18":{"name":"(anonymous_18)","decl":{"start":{"line":102,"column":27},"end":{"line":102,"column":28}},"loc":{"start":{"line":102,"column":34},"end":{"line":102,"column":64}},"line":102}},"branchMap":{"0":{"loc":{"start":{"line":39,"column":6},"end":{"line":39,"column":59}},"type":"if","locations":[{"start":{"line":39,"column":6},"end":{"line":39,"column":59}},{"start":{},"end":{}}],"line":39},"1":{"loc":{"start":{"line":41,"column":8},"end":{"line":43,"column":29}},"type":"cond-expr","locations":[{"start":{"line":42,"column":12},"end":{"line":42,"column":56}},{"start":{"line":43,"column":12},"end":{"line":43,"column":29}}],"line":41},"2":{"loc":{"start":{"line":70,"column":6},"end":{"line":70,"column":65}},"type":"if","locations":[{"start":{"line":70,"column":6},"end":{"line":70,"column":65}},{"start":{},"end":{}}],"line":70},"3":{"loc":{"start":{"line":85,"column":4},"end":{"line":85,"column":22}},"type":"if","locations":[{"start":{"line":85,"column":4},"end":{"line":85,"column":22}},{"start":{},"end":{}}],"line":85},"4":{"loc":{"start":{"line":86,"column":4},"end":{"line":86,"column":65}},"type":"if","locations":[{"start":{"line":86,"column":4},"end":{"line":86,"column":65}},{"start":{},"end":{}}],"line":86},"5":{"loc":{"start":{"line":87,"column":4},"end":{"line":87,"column":59}},"type":"if","locations":[{"start":{"line":87,"column":4},"end":{"line":87,"column":59}},{"start":{},"end":{}}],"line":87},"6":{"loc":{"start":{"line":88,"column":4},"end":{"line":89,"column":66}},"type":"if","locations":[{"start":{"line":88,"column":4},"end":{"line":89,"column":66}},{"start":{"line":89,"column":9},"end":{"line":89,"column":66}}],"line":88},"7":{"loc":{"start":{"line":89,"column":9},"end":{"line":89,"column":66}},"type":"if","locations":[{"start":{"line":89,"column":9},"end":{"line":89,"column":66}},{"start":{},"end":{}}],"line":89},"8":{"loc":{"start":{"line":90,"column":4},"end":{"line":90,"column":77}},"type":"if","locations":[{"start":{"line":90,"column":4},"end":{"line":90,"column":77}},{"start":{},"end":{}}],"line":90},"9":{"loc":{"start":{"line":96,"column":4},"end":{"line":106,"column":5}},"type":"switch","locations":[{"start":{"line":97,"column":6},"end":{"line":98,"column":60}},{"start":{"line":99,"column":6},"end":{"line":100,"column":62}},{"start":{"line":101,"column":6},"end":{"line":102,"column":66}},{"start":{"line":103,"column":6},"end":{"line":103,"column":17}},{"start":{"line":104,"column":6},"end":{"line":105,"column":20}}],"line":96}},"s":{"0":6,"1":4,"2":4,"3":2,"4":2,"5":0,"6":2,"7":2,"8":2,"9":2,"10":1,"11":1,"12":1,"13":1,"14":1,"15":2,"16":2,"17":2,"18":2,"19":2,"20":2,"21":2,"22":2,"23":1,"24":1,"25":0,"26":1,"27":1,"28":1,"29":0,"30":0,"31":0,"32":0,"33":0,"34":1,"35":1,"36":1,"37":0,"38":0,"39":0,"40":0,"41":0,"42":0,"43":0,"44":0,"45":0,"46":0,"47":9,"48":9,"49":9,"50":2,"51":4,"52":3,"53":5,"54":2,"55":4,"56":2},"f":{"0":6,"1":4,"2":2,"3":2,"4":1,"5":1,"6":1,"7":2,"8":2,"9":1,"10":1,"11":0,"12":0,"13":0,"14":1,"15":9,"16":4,"17":5,"18":4},"b":{"0":[0,2],"1":[1,1],"2":[0,1],"3":[1,0],"4":[0,0],"5":[0,0],"6":[0,0],"7":[0,0],"8":[0,0],"9":[2,3,2,2,2]},"_coverageSchema":"1a1c01bbd47fc00a2c39e90264f33305004495a9","hash":"b2d361641c992c669bd4f1ebcf94bc9f8035f501"}
,"/Users/mayasolomon/CS196_Project/frontend/src/store/feedStore.ts": {"path":"/Users/mayasolomon/CS196_Project/frontend/src/store/feedStore.ts","statementMap":{"0":{"start":{"line":9,"column":2},"end":{"line":20,"column":4}},"1":{"start":{"line":17,"column":46},"end":{"line":17,"column":52}},"2":{"start":{"line":35,"column":25},"end":{"line":79,"column":3}},"3":{"start":{"line":35,"column":53},"end":{"line":79,"column":1}},"4":{"start":{"line":39,"column":27},"end":{"line":39,"column":43}},"5":{"start":{"line":41,"column":4},"end":{"line":55,"column":5}},"6":{"start":{"line":42,"column":19},"end":{"line":42,"column":55}},"7":{"start":{"line":43,"column":22},"end":{"line":43,"column":51}},"8":{"start":{"line":44,"column":6},"end":{"line":44,"column":23}},"9":{"start":{"line":45,"column":20},"end":{"line":45,"column":40}},"10":{"start":{"line":46,"column":6},"end":{"line":49,"column":9}},"11":{"start":{"line":50,"column":6},"end":{"line":50,"column":45}},"12":{"start":{"line":51,"column":6},"end":{"line":51,"column":45}},"13":{"start":{"line":53,"column":6},"end":{"line":53,"column":49}},"14":{"start":{"line":54,"column":6},"end":{"line":54,"column":45}},"15":{"start":{"line":58,"column":17},"end":{"line":60,"column":5}},"16":{"start":{"line":61,"column":4},"end":{"line":66,"column":5}},"17":{"start":{"line":62,"column":6},"end":{"line":62,"column":37}},"18":{"start":{"line":63,"column":6},"end":{"line":65,"column":7}},"19":{"start":{"line":64,"column":8},"end":{"line":64,"column":55}},"20":{"start":{"line":69,"column":4},"end":{"line":73,"column":7}},"21":{"start":{"line":69,"column":20},"end":{"line":73,"column":5}},"22":{"start":{"line":75,"column":4},"end":{"line":77,"column":7}},"23":{"start":{"line":75,"column":20},"end":{"line":77,"column":5}},"24":{"start":{"line":76,"column":59},"end":{"line":76,"column":67}},"25":{"start":{"line":78,"column":45},"end":{"line":78,"column":70}}},"fnMap":{"0":{"name":"mapMealplanToRecipe","decl":{"start":{"line":8,"column":9},"end":{"line":8,"column":28}},"loc":{"start":{"line":8,"column":68},"end":{"line":21,"column":1}},"line":8},"1":{"name":"(anonymous_1)","decl":{"start":{"line":17,"column":39},"end":{"line":17,"column":40}},"loc":{"start":{"line":17,"column":46},"end":{"line":17,"column":52}},"line":17},"2":{"name":"(anonymous_2)","decl":{"start":{"line":35,"column":43},"end":{"line":35,"column":44}},"loc":{"start":{"line":35,"column":53},"end":{"line":79,"column":1}},"line":35},"3":{"name":"(anonymous_3)","decl":{"start":{"line":39,"column":14},"end":{"line":39,"column":15}},"loc":{"start":{"line":39,"column":27},"end":{"line":39,"column":43}},"line":39},"4":{"name":"(anonymous_4)","decl":{"start":{"line":40,"column":13},"end":{"line":40,"column":14}},"loc":{"start":{"line":40,"column":25},"end":{"line":56,"column":3}},"line":40},"5":{"name":"(anonymous_5)","decl":{"start":{"line":57,"column":17},"end":{"line":57,"column":18}},"loc":{"start":{"line":57,"column":29},"end":{"line":67,"column":3}},"line":57},"6":{"name":"(anonymous_6)","decl":{"start":{"line":68,"column":14},"end":{"line":68,"column":15}},"loc":{"start":{"line":69,"column":4},"end":{"line":73,"column":7}},"line":69},"7":{"name":"(anonymous_7)","decl":{"start":{"line":69,"column":8},"end":{"line":69,"column":9}},"loc":{"start":{"line":69,"column":20},"end":{"line":73,"column":5}},"line":69},"8":{"name":"(anonymous_8)","decl":{"start":{"line":74,"column":12},"end":{"line":74,"column":13}},"loc":{"start":{"line":75,"column":4},"end":{"line":77,"column":7}},"line":75},"9":{"name":"(anonymous_9)","decl":{"start":{"line":75,"column":8},"end":{"line":75,"column":9}},"loc":{"start":{"line":75,"column":20},"end":{"line":77,"column":5}},"line":75},"10":{"name":"(anonymous_10)","decl":{"start":{"line":76,"column":52},"end":{"line":76,"column":53}},"loc":{"start":{"line":76,"column":59},"end":{"line":76,"column":67}},"line":76},"11":{"name":"(anonymous_11)","decl":{"start":{"line":78,"column":23},"end":{"line":78,"column":24}},"loc":{"start":{"line":78,"column":45},"end":{"line":78,"column":70}},"line":78}},"branchMap":{"0":{"loc":{"start":{"line":61,"column":4},"end":{"line":66,"column":5}},"type":"if","locations":[{"start":{"line":61,"column":4},"end":{"line":66,"column":5}},{"start":{},"end":{}}],"line":61},"1":{"loc":{"start":{"line":63,"column":6},"end":{"line":65,"column":7}},"type":"if","locations":[{"start":{"line":63,"column":6},"end":{"line":65,"column":7}},{"start":{},"end":{}}],"line":63},"2":{"loc":{"start":{"line":70,"column":23},"end":{"line":72,"column":40}},"type":"cond-expr","locations":[{"start":{"line":71,"column":10},"end":{"line":71,"column":31}},{"start":{"line":72,"column":10},"end":{"line":72,"column":40}}],"line":70}},"s":{"0":15,"1":15,"2":4,"3":4,"4":3,"5":4,"6":4,"7":4,"8":4,"9":4,"10":4,"11":4,"12":4,"13":0,"14":0,"15":4,"16":4,"17":0,"18":0,"19":0,"20":2,"21":2,"22":2,"23":2,"24":2,"25":0},"f":{"0":15,"1":15,"2":4,"3":3,"4":4,"5":4,"6":2,"7":2,"8":2,"9":2,"10":2,"11":0},"b":{"0":[0,4],"1":[0,0],"2":[0,2]},"_coverageSchema":"1a1c01bbd47fc00a2c39e90264f33305004495a9","hash":"2eb0451ac46bbf269703d3d9f5263474d96c2861"}
,"/Users/mayasolomon/CS196_Project/frontend/src/store/inventoryStore.ts": {"path":"/Users/mayasolomon/CS196_Project/frontend/src/store/inventoryStore.ts","statementMap":{"0":{"start":{"line":10,"column":4},"end":{"line":10,"column":66}},"1":{"start":{"line":11,"column":2},"end":{"line":18,"column":4}},"2":{"start":{"line":31,"column":30},"end":{"line":88,"column":3}},"3":{"start":{"line":31,"column":63},"end":{"line":88,"column":1}},"4":{"start":{"line":35,"column":4},"end":{"line":35,"column":25}},"5":{"start":{"line":36,"column":4},"end":{"line":48,"column":5}},"6":{"start":{"line":37,"column":18},"end":{"line":37,"column":51}},"7":{"start":{"line":38,"column":20},"end":{"line":38,"column":46}},"8":{"start":{"line":39,"column":6},"end":{"line":39,"column":21}},"9":{"start":{"line":40,"column":6},"end":{"line":40,"column":52}},"10":{"start":{"line":41,"column":6},"end":{"line":41,"column":45}},"11":{"start":{"line":43,"column":6},"end":{"line":43,"column":54}},"12":{"start":{"line":44,"column":6},"end":{"line":46,"column":9}},"13":{"start":{"line":47,"column":6},"end":{"line":47,"column":45}},"14":{"start":{"line":51,"column":17},"end":{"line":51,"column":79}},"15":{"start":{"line":52,"column":4},"end":{"line":54,"column":5}},"16":{"start":{"line":53,"column":6},"end":{"line":53,"column":33}},"17":{"start":{"line":57,"column":4},"end":{"line":57,"column":25}},"18":{"start":{"line":58,"column":4},"end":{"line":70,"column":5}},"19":{"start":{"line":59,"column":18},"end":{"line":59,"column":84}},"20":{"start":{"line":60,"column":23},"end":{"line":60,"column":49}},"21":{"start":{"line":61,"column":6},"end":{"line":61,"column":65}},"22":{"start":{"line":61,"column":22},"end":{"line":61,"column":62}},"23":{"start":{"line":62,"column":20},"end":{"line":62,"column":51}},"24":{"start":{"line":63,"column":6},"end":{"line":63,"column":52}},"25":{"start":{"line":64,"column":6},"end":{"line":64,"column":45}},"26":{"start":{"line":65,"column":6},"end":{"line":65,"column":44}},"27":{"start":{"line":67,"column":6},"end":{"line":69,"column":9}},"28":{"start":{"line":73,"column":4},"end":{"line":73,"column":25}},"29":{"start":{"line":74,"column":4},"end":{"line":85,"column":5}},"30":{"start":{"line":75,"column":6},"end":{"line":75,"column":45}},"31":{"start":{"line":76,"column":6},"end":{"line":76,"column":74}},"32":{"start":{"line":76,"column":22},"end":{"line":76,"column":71}},"33":{"start":{"line":76,"column":57},"end":{"line":76,"column":68}},"34":{"start":{"line":77,"column":20},"end":{"line":77,"column":51}},"35":{"start":{"line":78,"column":6},"end":{"line":78,"column":52}},"36":{"start":{"line":79,"column":6},"end":{"line":79,"column":45}},"37":{"start":{"line":80,"column":6},"end":{"line":80,"column":44}},"38":{"start":{"line":82,"column":6},"end":{"line":84,"column":9}},"39":{"start":{"line":87,"column":20},"end":{"line":87,"column":40}},"40":{"start":{"line":90,"column":27},"end":{"line":90,"column":28}},"41":{"start":{"line":93,"column":14},"end":{"line":93,"column":24}},"42":{"start":{"line":94,"column":15},"end":{"line":94,"column":28}},"43":{"start":{"line":95,"column":2},"end":{"line":95,"column":52}},"44":{"start":{"line":96,"column":16},"end":{"line":96,"column":74}},"45":{"start":{"line":97,"column":2},"end":{"line":101,"column":5}},"46":{"start":{"line":98,"column":4},"end":{"line":98,"column":35}},"47":{"start":{"line":98,"column":22},"end":{"line":98,"column":35}},"48":{"start":{"line":99,"column":16},"end":{"line":99,"column":40}},"49":{"start":{"line":100,"column":4},"end":{"line":100,"column":39}},"50":{"start":{"line":105,"column":47},"end":{"line":105,"column":86}},"51":{"start":{"line":106,"column":33},"end":{"line":106,"column":35}},"52":{"start":{"line":107,"column":2},"end":{"line":114,"column":3}},"53":{"start":{"line":108,"column":16},"end":{"line":108,"column":43}},"54":{"start":{"line":109,"column":4},"end":{"line":113,"column":5}},"55":{"start":{"line":110,"column":6},"end":{"line":110,"column":26}},"56":{"start":{"line":112,"column":6},"end":{"line":112,"column":23}},"57":{"start":{"line":115,"column":2},"end":{"line":115,"column":42}},"58":{"start":{"line":115,"column":24},"end":{"line":115,"column":42}},"59":{"start":{"line":116,"column":2},"end":{"line":116,"column":13}}},"fnMap":{"0":{"name":"mapResponseToItem","decl":{"start":{"line":8,"column":9},"end":{"line":8,"column":26}},"loc":{"start":{"line":8,"column":81},"end":{"line":19,"column":1}},"line":8},"1":{"name":"(anonymous_1)","decl":{"start":{"line":31,"column":53},"end":{"line":31,"column":54}},"loc":{"start":{"line":31,"column":63},"end":{"line":88,"column":1}},"line":31},"2":{"name":"(anonymous_2)","decl":{"start":{"line":34,"column":18},"end":{"line":34,"column":19}},"loc":{"start":{"line":34,"column":30},"end":{"line":49,"column":3}},"line":34},"3":{"name":"(anonymous_3)","decl":{"start":{"line":50,"column":17},"end":{"line":50,"column":18}},"loc":{"start":{"line":50,"column":29},"end":{"line":55,"column":3}},"line":50},"4":{"name":"(anonymous_4)","decl":{"start":{"line":56,"column":20},"end":{"line":56,"column":21}},"loc":{"start":{"line":56,"column":46},"end":{"line":71,"column":3}},"line":56},"5":{"name":"(anonymous_5)","decl":{"start":{"line":61,"column":10},"end":{"line":61,"column":11}},"loc":{"start":{"line":61,"column":22},"end":{"line":61,"column":62}},"line":61},"6":{"name":"(anonymous_6)","decl":{"start":{"line":72,"column":23},"end":{"line":72,"column":24}},"loc":{"start":{"line":72,"column":37},"end":{"line":86,"column":3}},"line":72},"7":{"name":"(anonymous_7)","decl":{"start":{"line":76,"column":10},"end":{"line":76,"column":11}},"loc":{"start":{"line":76,"column":22},"end":{"line":76,"column":71}},"line":76},"8":{"name":"(anonymous_8)","decl":{"start":{"line":76,"column":50},"end":{"line":76,"column":51}},"loc":{"start":{"line":76,"column":57},"end":{"line":76,"column":68}},"line":76},"9":{"name":"(anonymous_9)","decl":{"start":{"line":87,"column":14},"end":{"line":87,"column":15}},"loc":{"start":{"line":87,"column":20},"end":{"line":87,"column":40}},"line":87},"10":{"name":"expiringSoon","decl":{"start":{"line":92,"column":16},"end":{"line":92,"column":28}},"loc":{"start":{"line":92,"column":70},"end":{"line":102,"column":1}},"line":92},"11":{"name":"(anonymous_11)","decl":{"start":{"line":97,"column":22},"end":{"line":97,"column":23}},"loc":{"start":{"line":97,"column":32},"end":{"line":101,"column":3}},"line":97},"12":{"name":"byLocation","decl":{"start":{"line":104,"column":16},"end":{"line":104,"column":26}},"loc":{"start":{"line":104,"column":84},"end":{"line":117,"column":1}},"line":104}},"branchMap":{"0":{"loc":{"start":{"line":10,"column":4},"end":{"line":10,"column":66}},"type":"binary-expr","locations":[{"start":{"line":10,"column":4},"end":{"line":10,"column":35}},{"start":{"line":10,"column":39},"end":{"line":10,"column":66}}],"line":10},"1":{"loc":{"start":{"line":16,"column":15},"end":{"line":16,"column":74}},"type":"cond-expr","locations":[{"start":{"line":16,"column":47},"end":{"line":16,"column":69}},{"start":{"line":16,"column":72},"end":{"line":16,"column":74}}],"line":16},"2":{"loc":{"start":{"line":45,"column":15},"end":{"line":45,"column":74}},"type":"cond-expr","locations":[{"start":{"line":45,"column":36},"end":{"line":45,"column":45}},{"start":{"line":45,"column":48},"end":{"line":45,"column":74}}],"line":45},"3":{"loc":{"start":{"line":52,"column":4},"end":{"line":54,"column":5}},"type":"if","locations":[{"start":{"line":52,"column":4},"end":{"line":54,"column":5}},{"start":{},"end":{}}],"line":52},"4":{"loc":{"start":{"line":68,"column":15},"end":{"line":68,"column":68}},"type":"cond-expr","locations":[{"start":{"line":68,"column":36},"end":{"line":68,"column":45}},{"start":{"line":68,"column":48},"end":{"line":68,"column":68}}],"line":68},"5":{"loc":{"start":{"line":83,"column":15},"end":{"line":83,"column":71}},"type":"cond-expr","locations":[{"start":{"line":83,"column":36},"end":{"line":83,"column":45}},{"start":{"line":83,"column":48},"end":{"line":83,"column":71}}],"line":83},"6":{"loc":{"start":{"line":98,"column":4},"end":{"line":98,"column":35}},"type":"if","locations":[{"start":{"line":98,"column":4},"end":{"line":98,"column":35}},{"start":{},"end":{}}],"line":98},"7":{"loc":{"start":{"line":100,"column":11},"end":{"line":100,"column":38}},"type":"binary-expr","locations":[{"start":{"line":100,"column":11},"end":{"line":100,"column":23}},{"start":{"line":100,"column":27},"end":{"line":100,"column":38}}],"line":100},"8":{"loc":{"start":{"line":109,"column":4},"end":{"line":113,"column":5}},"type":"if","locations":[{"start":{"line":109,"column":4},"end":{"line":113,"column":5}},{"start":{"line":111,"column":11},"end":{"line":113,"column":5}}],"line":109},"9":{"loc":{"start":{"line":109,"column":8},"end":{"line":109,"column":65}},"type":"binary-expr","locations":[{"start":{"line":109,"column":8},"end":{"line":109,"column":24}},{"start":{"line":109,"column":28},"end":{"line":109,"column":44}},{"start":{"line":109,"column":48},"end":{"line":109,"column":65}}],"line":109},"10":{"loc":{"start":{"line":115,"column":2},"end":{"line":115,"column":42}},"type":"if","locations":[{"start":{"line":115,"column":2},"end":{"line":115,"column":42}},{"start":{},"end":{}}],"line":115}},"s":{"0":3,"1":3,"2":4,"3":4,"4":4,"5":4,"6":4,"7":4,"8":4,"9":4,"10":4,"11":0,"12":0,"13":0,"14":2,"15":2,"16":0,"17":1,"18":1,"19":1,"20":1,"21":1,"22":1,"23":1,"24":1,"25":1,"26":1,"27":0,"28":1,"29":1,"30":1,"31":1,"32":1,"33":1,"34":1,"35":1,"36":1,"37":1,"38":0,"39":0,"40":4,"41":2,"42":2,"43":2,"44":2,"45":2,"46":0,"47":0,"48":0,"49":0,"50":2,"51":2,"52":2,"53":0,"54":0,"55":0,"56":0,"57":2,"58":0,"59":2},"f":{"0":3,"1":4,"2":4,"3":2,"4":1,"5":1,"6":1,"7":1,"8":1,"9":0,"10":2,"11":0,"12":2},"b":{"0":[3,3],"1":[3,0],"2":[0,0],"3":[0,2],"4":[0,0],"5":[0,0],"6":[0,0],"7":[0,0],"8":[0,0],"9":[0,0,0],"10":[0,2]},"_coverageSchema":"1a1c01bbd47fc00a2c39e90264f33305004495a9","hash":"31f33dfa9f28c70531577aa1c31cb6c4150c8012"}
,"/Users/mayasolomon/CS196_Project/frontend/src/store/uiStore.ts": {"path":"/Users/mayasolomon/CS196_Project/frontend/src/store/uiStore.ts","statementMap":{"0":{"start":{"line":22,"column":23},"end":{"line":45,"column":3}},"1":{"start":{"line":22,"column":54},"end":{"line":45,"column":1}},"2":{"start":{"line":29,"column":26},"end":{"line":29,"column":80}},"3":{"start":{"line":30,"column":21},"end":{"line":30,"column":77}},"4":{"start":{"line":32,"column":33},"end":{"line":32,"column":38}},"5":{"start":{"line":33,"column":4},"end":{"line":35,"column":5}},"6":{"start":{"line":34,"column":6},"end":{"line":34,"column":54}},"7":{"start":{"line":36,"column":4},"end":{"line":36,"column":24}},"8":{"start":{"line":39,"column":4},"end":{"line":39,"column":66}},"9":{"start":{"line":41,"column":4},"end":{"line":41,"column":68}},"10":{"start":{"line":42,"column":27},"end":{"line":42,"column":62}},"11":{"start":{"line":43,"column":27},"end":{"line":43,"column":63}},"12":{"start":{"line":44,"column":27},"end":{"line":44,"column":52}}},"fnMap":{"0":{"name":"(anonymous_0)","decl":{"start":{"line":22,"column":39},"end":{"line":22,"column":40}},"loc":{"start":{"line":22,"column":54},"end":{"line":45,"column":1}},"line":22},"1":{"name":"(anonymous_1)","decl":{"start":{"line":29,"column":12},"end":{"line":29,"column":13}},"loc":{"start":{"line":29,"column":26},"end":{"line":29,"column":80}},"line":29},"2":{"name":"(anonymous_2)","decl":{"start":{"line":30,"column":15},"end":{"line":30,"column":16}},"loc":{"start":{"line":30,"column":21},"end":{"line":30,"column":77}},"line":30},"3":{"name":"(anonymous_3)","decl":{"start":{"line":31,"column":8},"end":{"line":31,"column":9}},"loc":{"start":{"line":31,"column":14},"end":{"line":37,"column":3}},"line":31},"4":{"name":"(anonymous_4)","decl":{"start":{"line":38,"column":23},"end":{"line":38,"column":24}},"loc":{"start":{"line":39,"column":4},"end":{"line":39,"column":66}},"line":39},"5":{"name":"(anonymous_5)","decl":{"start":{"line":40,"column":26},"end":{"line":40,"column":27}},"loc":{"start":{"line":41,"column":4},"end":{"line":41,"column":68}},"line":41},"6":{"name":"(anonymous_6)","decl":{"start":{"line":42,"column":21},"end":{"line":42,"column":22}},"loc":{"start":{"line":42,"column":27},"end":{"line":42,"column":62}},"line":42},"7":{"name":"(anonymous_7)","decl":{"start":{"line":43,"column":21},"end":{"line":43,"column":22}},"loc":{"start":{"line":43,"column":27},"end":{"line":43,"column":63}},"line":43},"8":{"name":"(anonymous_8)","decl":{"start":{"line":44,"column":16},"end":{"line":44,"column":17}},"loc":{"start":{"line":44,"column":27},"end":{"line":44,"column":52}},"line":44}},"branchMap":{"0":{"loc":{"start":{"line":33,"column":4},"end":{"line":35,"column":5}},"type":"if","locations":[{"start":{"line":33,"column":4},"end":{"line":35,"column":5}},{"start":{},"end":{}}],"line":33}},"s":{"0":4,"1":4,"2":1,"3":1,"4":1,"5":1,"6":1,"7":1,"8":0,"9":0,"10":0,"11":10,"12":6},"f":{"0":4,"1":1,"2":1,"3":1,"4":0,"5":0,"6":0,"7":10,"8":6},"b":{"0":[1,0]},"_coverageSchema":"1a1c01bbd47fc00a2c39e90264f33305004495a9","hash":"66ed70d41bd417f6ab056e600abddbf0980e79dc"}
,"/Users/mayasolomon/CS196_Project/frontend/src/store/upcomingStore.ts": {"path":"/Users/mayasolomon/CS196_Project/frontend/src/store/upcomingStore.ts","statementMap":{"0":{"start":{"line":19,"column":29},"end":{"line":31,"column":3}},"1":{"start":{"line":19,"column":61},"end":{"line":31,"column":1}},"2":{"start":{"line":22,"column":4},"end":{"line":26,"column":6}},"3":{"start":{"line":23,"column":21},"end":{"line":23,"column":60}},"4":{"start":{"line":24,"column":6},"end":{"line":24,"column":46}},"5":{"start":{"line":25,"column":6},"end":{"line":25,"column":24}},"6":{"start":{"line":28,"column":17},"end":{"line":28,"column":76}},"7":{"start":{"line":29,"column":4},"end":{"line":29,"column":51}},"8":{"start":{"line":29,"column":22},"end":{"line":29,"column":51}}},"fnMap":{"0":{"name":"(anonymous_0)","decl":{"start":{"line":19,"column":51},"end":{"line":19,"column":52}},"loc":{"start":{"line":19,"column":61},"end":{"line":31,"column":1}},"line":19},"1":{"name":"(anonymous_1)","decl":{"start":{"line":21,"column":13},"end":{"line":21,"column":14}},"loc":{"start":{"line":22,"column":4},"end":{"line":26,"column":6}},"line":22},"2":{"name":"(anonymous_2)","decl":{"start":{"line":22,"column":8},"end":{"line":22,"column":9}},"loc":{"start":{"line":22,"column":19},"end":{"line":26,"column":5}},"line":22},"3":{"name":"(anonymous_3)","decl":{"start":{"line":27,"column":17},"end":{"line":27,"column":18}},"loc":{"start":{"line":27,"column":29},"end":{"line":30,"column":3}},"line":27}},"branchMap":{"0":{"loc":{"start":{"line":21,"column":24},"end":{"line":21,"column":40}},"type":"default-arg","locations":[{"start":{"line":21,"column":33},"end":{"line":21,"column":40}}],"line":21},"1":{"loc":{"start":{"line":29,"column":4},"end":{"line":29,"column":51}},"type":"if","locations":[{"start":{"line":29,"column":4},"end":{"line":29,"column":51}},{"start":{},"end":{}}],"line":29}},"s":{"0":4,"1":4,"2":1,"3":1,"4":1,"5":1,"6":1,"7":1,"8":0},"f":{"0":4,"1":1,"2":1,"3":1},"b":{"0":[1],"1":[0,1]},"_coverageSchema":"1a1c01bbd47fc00a2c39e90264f33305004495a9","hash":"811d3c20988623a37754da7f5eec4d2d9f6df631"}
}
