TN:
SF:App.tsx
FN:14,OfflineBanner
FN:15,(anonymous_1)
FN:30,App
FN:31,(anonymous_3)
FNF:4
FNH:4
FNDA:1,OfflineBanner
FNDA:5,(anonymous_1)
FNDA:1,App
FNDA:1,(anonymous_3)
DA:15,5
DA:16,1
DA:17,0
DA:18,0
DA:31,1
DA:32,1
DA:33,1
DA:34,1
DA:35,1
DA:38,1
DA:51,1
LF:11
LH:9
BRDA:16,0,0,1
BRDA:16,0,1,0
BRF:2
BRH:1
end_of_record
TN:
SF:src/api/client.ts
FN:3,getApiBaseUrl
FN:11,apiFetch
FNF:2
FNH:2
FNDA:4,getApiBaseUrl
FNDA:4,apiFetch
DA:1,6
DA:4,4
DA:12,4
DA:13,4
DA:14,4
DA:22,4
DA:23,1
DA:25,3
DA:26,3
DA:27,2
LF:10
LH:10
BRDA:1,0,0,6
BRDA:1,0,1,5
BRDA:11,1,0,4
BRDA:20,2,0,4
BRDA:20,2,1,0
BRDA:22,3,0,1
BRDA:22,3,1,3
BRDA:26,4,0,1
BRDA:26,4,1,2
BRF:9
BRH:8
end_of_record
TN:
SF:src/api/inventoryApi.ts
FN:21,getInventory
FN:25,addInventory
FN:32,deleteInventory
FNF:3
FNH:3
FNDA:1,getInventory
FNDA:1,addInventory
FNDA:2,deleteInventory
DA:22,1
DA:26,1
DA:33,2
LF:3
LH:3
BRF:0
BRH:0
end_of_record
TN:
SF:src/components/CookbookRecipeCard.tsx
FN:20,CookbookRecipeCard
FNF:1
FNH:0
FNDA:0,CookbookRecipeCard
DA:27,0
DA:29,0
DA:93,3
LF:3
LH:1
BRDA:31,0,0,0
BRDA:31,0,1,0
BRDA:35,1,0,0
BRDA:35,1,1,0
BRDA:46,2,0,0
BRDA:46,2,1,0
BRDA:52,3,0,0
BRDA:52,3,1,0
BRDA:54,4,0,0
BRDA:54,4,1,0
BRDA:57,5,0,0
BRDA:57,5,1,0
BRDA:70,6,0,0
BRDA:70,6,1,0
BRDA:76,7,0,0
BRDA:76,7,1,0
BRDA:78,8,0,0
BRDA:78,8,1,0
BRDA:81,9,0,0
BRDA:81,9,1,0
BRF:20
BRH:0
end_of_record
TN:
SF:src/components/InventoryRow.tsx
FN:11,InventoryRow
FN:24,(anonymous_1)
FNF:2
FNH:0
FNDA:0,InventoryRow
FNDA:0,(anonymous_1)
DA:12,0
DA:24,0
DA:35,3
LF:3
LH:1
BRDA:18,0,0,0
BRDA:18,0,1,0
BRDA:21,1,0,0
BRDA:21,1,1,0
BRF:4
BRH:0
end_of_record
TN:
SF:src/components/RecipeCard.tsx
FN:14,RecipeCard
FNF:1
FNH:1
FNDA:2,RecipeCard
DA:21,2
DA:44,4
LF:2
LH:2
BRF:0
BRH:0
end_of_record
TN:
SF:src/modals/AddInventoryModal.tsx
FN:17,AddInventoryModal
FN:25,(anonymous_1)
FN:35,(anonymous_2)
FN:51,(anonymous_3)
FNF:4
FNH:1
FNDA:2,AddInventoryModal
FNDA:0,(anonymous_1)
FNDA:0,(anonymous_2)
FNDA:0,(anonymous_3)
DA:22,2
DA:23,2
DA:25,2
DA:26,0
DA:27,0
DA:28,0
DA:29,0
DA:30,0
DA:31,0
DA:35,2
DA:36,0
DA:37,0
DA:38,0
DA:41,2
DA:43,0
DA:51,0
DA:87,3
LF:17
LH:6
BRDA:28,0,0,0
BRDA:28,0,1,0
BRDA:28,1,0,0
BRDA:28,1,1,0
BRDA:28,1,2,0
BRDA:41,2,0,2
BRDA:41,2,1,0
BRDA:74,3,0,0
BRDA:74,3,1,0
BRDA:74,3,2,0
BRDA:76,4,0,0
BRDA:76,4,1,0
BRF:12
BRH:1
end_of_record
TN:
SF:src/modals/AddRecipeModal.tsx
FN:23,parseLines
FN:26,(anonymous_1)
FN:30,parseTags
FN:33,(anonymous_3)
FN:37,AddRecipeModal
FN:48,(anonymous_5)
FN:62,(anonymous_6)
FN:88,(anonymous_7)
FNF:8
FNH:1
FNDA:0,parseLines
FNDA:0,(anonymous_1)
FNDA:0,parseTags
FNDA:0,(anonymous_3)
FNDA:1,AddRecipeModal
FNDA:0,(anonymous_5)
FNDA:0,(anonymous_6)
FNDA:0,(anonymous_7)
DA:24,0
DA:26,0
DA:31,0
DA:33,0
DA:42,1
DA:43,1
DA:44,1
DA:45,1
DA:46,1
DA:48,1
DA:49,0
DA:50,0
DA:51,0
DA:57,0
DA:58,0
DA:62,1
DA:63,0
DA:64,0
DA:66,0
DA:79,0
DA:80,0
DA:81,0
DA:82,0
DA:83,0
DA:84,0
DA:85,0
DA:88,1
DA:89,0
DA:90,0
DA:91,0
DA:92,0
DA:93,0
DA:94,0
DA:97,1
DA:99,0
DA:101,0
DA:180,3
LF:37
LH:10
BRDA:50,0,0,0
BRDA:50,0,1,0
BRDA:57,1,0,0
BRDA:57,1,1,0
BRDA:57,2,0,0
BRDA:57,2,1,0
BRDA:64,3,0,0
BRDA:64,3,1,0
BRDA:76,4,0,0
BRDA:76,4,1,0
BRDA:97,5,0,1
BRDA:97,5,1,0
BRDA:156,6,0,0
BRDA:156,6,1,0
BRDA:159,7,0,0
BRDA:159,7,1,0
BRDA:168,8,0,0
BRDA:168,8,1,0
BRF:18
BRH:1
end_of_record
TN:
SF:src/modals/PassReasonModal.tsx
FN:41,PassReasonModal
FN:52,(anonymous_1)
FN:68,(anonymous_2)
FN:86,(anonymous_3)
FN:94,(anonymous_4)
FN:98,(anonymous_5)
FNF:6
FNH:1
FNDA:6,PassReasonModal
FNDA:0,(anonymous_1)
FNDA:0,(anonymous_2)
FNDA:0,(anonymous_3)
FNDA:0,(anonymous_4)
FNDA:0,(anonymous_5)
DA:33,3
DA:47,6
DA:48,6
DA:49,6
DA:50,6
DA:52,6
DA:53,0
DA:54,0
DA:61,0
DA:62,0
DA:63,0
DA:64,0
DA:65,0
DA:68,6
DA:69,0
DA:70,0
DA:71,0
DA:72,0
DA:73,0
DA:76,6
DA:78,0
DA:86,0
DA:95,0
DA:98,0
DA:140,3
LF:25
LH:9
BRDA:53,0,0,0
BRDA:53,0,1,0
BRDA:56,1,0,0
BRDA:56,1,1,0
BRDA:57,2,0,0
BRDA:57,2,1,0
BRDA:58,3,0,0
BRDA:58,3,1,0
BRDA:76,4,0,6
BRDA:76,4,1,0
BRDA:97,5,0,0
BRDA:97,5,1,0
BRDA:103,6,0,0
BRDA:103,6,1,0
BRDA:111,7,0,0
BRDA:111,7,1,0
BRDA:119,8,0,0
BRDA:119,8,1,0
BRDA:128,9,0,0
BRDA:128,9,1,0
BRF:20
BRH:1
end_of_record
TN:
SF:src/modals/RecipeDetailModal.tsx
FN:23,RecipeDetailModal
FN:57,(anonymous_1)
FN:68,(anonymous_2)
FN:74,(anonymous_3)
FN:84,(anonymous_4)
FNF:5
FNH:5
FNDA:8,RecipeDetailModal
FNDA:1,(anonymous_1)
FNDA:1,(anonymous_2)
FNDA:1,(anonymous_3)
FNDA:2,(anonymous_4)
DA:31,8
DA:33,1
DA:58,1
DA:69,1
DA:75,1
DA:85,2
DA:136,4
LF:7
LH:7
BRDA:31,0,0,7
BRDA:31,0,1,1
BRDA:49,1,0,0
BRDA:49,1,1,1
BRDA:54,2,0,1
BRDA:54,2,1,1
BRDA:99,3,0,0
BRDA:99,3,1,1
BRDA:105,4,0,1
BRDA:105,4,1,1
BRDA:114,5,0,1
BRDA:114,5,1,0
BRDA:119,6,0,1
BRDA:119,6,1,0
BRDA:124,7,0,1
BRDA:124,7,1,0
BRF:16
BRH:11
end_of_record
TN:
SF:src/navigation/BottomTabs.tsx
FN:11,BottomTabs
FNF:1
FNH:1
FNDA:2,BottomTabs
DA:9,2
DA:12,2
LF:2
LH:2
BRF:0
BRH:0
end_of_record
TN:
SF:src/screens/CookbookScreen.tsx
FN:26,CookbookScreen
FN:31,(anonymous_1)
FN:32,(anonymous_2)
FN:33,(anonymous_3)
FN:40,(anonymous_4)
FN:43,(anonymous_5)
FN:44,(anonymous_6)
FN:46,(anonymous_7)
FN:54,(anonymous_8)
FN:68,(anonymous_9)
FN:75,(anonymous_10)
FN:79,(anonymous_11)
FN:89,(anonymous_12)
FN:90,(anonymous_13)
FN:94,(anonymous_14)
FN:95,(anonymous_15)
FN:96,(anonymous_16)
FN:111,(anonymous_17)
FN:112,(anonymous_18)
FN:117,(anonymous_19)
FN:118,(anonymous_20)
FNF:21
FNH:6
FNDA:1,CookbookScreen
FNDA:3,(anonymous_1)
FNDA:3,(anonymous_2)
FNDA:3,(anonymous_3)
FNDA:1,(anonymous_4)
FNDA:0,(anonymous_5)
FNDA:0,(anonymous_6)
FNDA:0,(anonymous_7)
FNDA:0,(anonymous_8)
FNDA:0,(anonymous_9)
FNDA:4,(anonymous_10)
FNDA:0,(anonymous_11)
FNDA:0,(anonymous_12)
FNDA:0,(anonymous_13)
FNDA:0,(anonymous_14)
FNDA:0,(anonymous_15)
FNDA:0,(anonymous_16)
FNDA:0,(anonymous_17)
FNDA:0,(anonymous_18)
FNDA:0,(anonymous_19)
FNDA:0,(anonymous_20)
DA:19,3
DA:27,1
DA:28,1
DA:29,1
DA:31,3
DA:32,3
DA:33,3
DA:34,1
DA:35,1
DA:36,1
DA:37,1
DA:38,1
DA:40,1
DA:42,1
DA:43,1
DA:44,1
DA:46,1
DA:47,0
DA:48,0
DA:50,0
DA:54,1
DA:55,0
DA:56,0
DA:58,0
DA:62,1
DA:68,0
DA:76,4
DA:79,0
DA:89,0
DA:91,0
DA:94,0
DA:95,0
DA:96,0
DA:111,0
DA:112,0
DA:117,0
DA:118,0
DA:126,3
LF:38
LH:21
BRDA:42,0,0,0
BRDA:42,0,1,1
BRDA:42,1,0,0
BRDA:42,1,1,0
BRDA:47,2,0,0
BRDA:47,2,1,0
BRDA:55,3,0,0
BRDA:55,3,1,0
BRDA:78,4,0,4
BRDA:78,4,1,1
BRDA:81,5,0,4
BRDA:81,5,1,1
BRDA:102,6,0,1
BRDA:102,6,1,0
BRDA:104,7,0,0
BRDA:104,7,1,0
BRDA:118,8,0,0
BRDA:118,8,1,1
BRF:18
BRH:7
end_of_record
TN:
SF:src/screens/FeedScreen.tsx
FN:12,FeedScreen
FN:14,(anonymous_1)
FN:15,(anonymous_2)
FN:16,(anonymous_3)
FN:24,(anonymous_4)
FN:25,(anonymous_5)
FN:32,(anonymous_6)
FN:38,(anonymous_7)
FN:39,(anonymous_8)
FN:43,(anonymous_9)
FN:44,(anonymous_10)
FN:45,(anonymous_11)
FN:50,(anonymous_12)
FN:57,(anonymous_13)
FN:64,(anonymous_14)
FN:66,(anonymous_15)
FN:81,(anonymous_16)
FN:85,(anonymous_17)
FN:88,(anonymous_18)
FN:89,(anonymous_19)
FN:90,(anonymous_20)
FN:91,(anonymous_21)
FN:98,(anonymous_22)
FN:99,(anonymous_23)
FN:100,(anonymous_24)
FN:101,(anonymous_25)
FNF:26
FNH:11
FNDA:6,FeedScreen
FNDA:21,(anonymous_1)
FNDA:21,(anonymous_2)
FNDA:21,(anonymous_3)
FNDA:3,(anonymous_4)
FNDA:3,(anonymous_5)
FNDA:0,(anonymous_6)
FNDA:24,(anonymous_7)
FNDA:24,(anonymous_8)
FNDA:24,(anonymous_9)
FNDA:24,(anonymous_10)
FNDA:24,(anonymous_11)
FNDA:0,(anonymous_12)
FNDA:0,(anonymous_13)
FNDA:0,(anonymous_14)
FNDA:0,(anonymous_15)
FNDA:0,(anonymous_16)
FNDA:0,(anonymous_17)
FNDA:0,(anonymous_18)
FNDA:0,(anonymous_19)
FNDA:0,(anonymous_20)
FNDA:0,(anonymous_21)
FNDA:0,(anonymous_22)
FNDA:0,(anonymous_23)
FNDA:0,(anonymous_24)
FNDA:0,(anonymous_25)
DA:13,6
DA:14,21
DA:15,21
DA:16,21
DA:17,6
DA:18,6
DA:19,6
DA:20,6
DA:21,6
DA:22,6
DA:24,6
DA:25,3
DA:26,3
DA:27,3
DA:29,3
DA:32,6
DA:33,0
DA:34,0
DA:35,0
DA:38,24
DA:39,24
DA:40,6
DA:41,6
DA:42,6
DA:43,24
DA:44,24
DA:45,24
DA:46,6
DA:47,6
DA:48,6
DA:50,6
DA:51,0
DA:52,0
DA:53,0
DA:54,0
DA:57,6
DA:58,0
DA:59,0
DA:60,0
DA:61,0
DA:64,6
DA:65,6
DA:66,0
DA:69,6
DA:81,0
DA:86,0
DA:88,0
DA:89,0
DA:90,0
DA:91,0
DA:98,0
DA:99,0
DA:100,0
DA:101,0
DA:125,3
LF:55
LH:33
BRDA:65,0,0,0
BRDA:65,0,1,6
BRDA:66,1,0,0
BRDA:66,1,1,0
BRDA:71,2,0,6
BRDA:71,2,1,0
BRDA:99,3,0,0
BRDA:99,3,1,6
BRDA:100,4,0,0
BRDA:100,4,1,6
BRDA:101,5,0,0
BRDA:101,5,1,6
BRDA:103,6,0,6
BRDA:103,6,1,0
BRDA:118,7,0,6
BRDA:118,7,1,6
BRF:16
BRH:8
end_of_record
TN:
SF:src/screens/InventoryScreen.tsx
FN:13,InventoryScreen
FN:15,(anonymous_1)
FN:16,(anonymous_2)
FN:23,(anonymous_3)
FN:24,(anonymous_4)
FN:31,(anonymous_5)
FN:50,(anonymous_6)
FN:63,(anonymous_7)
FN:79,(anonymous_8)
FN:80,(anonymous_9)
FN:85,(anonymous_10)
FN:98,(anonymous_11)
FNF:12
FNH:6
FNDA:2,InventoryScreen
FNDA:8,(anonymous_1)
FNDA:8,(anonymous_2)
FNDA:1,(anonymous_3)
FNDA:1,(anonymous_4)
FNDA:2,(anonymous_5)
FNDA:0,(anonymous_6)
FNDA:0,(anonymous_7)
FNDA:0,(anonymous_8)
FNDA:0,(anonymous_9)
FNDA:0,(anonymous_10)
FNDA:0,(anonymous_11)
DA:14,2
DA:15,8
DA:16,8
DA:17,2
DA:18,2
DA:19,2
DA:20,2
DA:21,2
DA:23,2
DA:24,1
DA:25,1
DA:26,1
DA:28,1
DA:31,2
DA:32,2
DA:33,2
DA:34,2
DA:35,2
DA:36,0
DA:38,2
DA:39,6
DA:40,6
DA:41,0
DA:47,2
DA:50,2
DA:51,0
DA:52,0
DA:53,0
DA:57,2
DA:63,0
DA:79,0
DA:81,0
DA:86,0
DA:98,0
DA:105,3
LF:35
LH:25
BRDA:35,0,0,0
BRDA:35,0,1,2
BRDA:39,1,0,6
BRDA:39,1,1,0
BRDA:40,2,0,0
BRDA:40,2,1,6
BRDA:52,3,0,0
BRDA:52,3,1,0
BRDA:69,4,0,0
BRDA:69,4,1,2
BRF:10
BRH:4
end_of_record
TN:
SF:src/screens/UpcomingScreen.tsx
FN:16,UpcomingScreen
FN:17,(anonymous_1)
FN:18,(anonymous_2)
FN:20,(anonymous_3)
FN:22,(anonymous_4)
FN:26,(anonymous_5)
FN:27,(anonymous_6)
FN:29,(anonymous_7)
FN:30,(anonymous_8)
FN:33,(anonymous_9)
FN:40,(anonymous_10)
FN:41,(anonymous_11)
FN:46,(anonymous_12)
FNF:13
FNH:7
FNDA:1,UpcomingScreen
FNDA:3,(anonymous_1)
FNDA:3,(anonymous_2)
FNDA:1,(anonymous_3)
FNDA:0,(anonymous_4)
FNDA:1,(anonymous_5)
FNDA:3,(anonymous_6)
FNDA:0,(anonymous_7)
FNDA:0,(anonymous_8)
FNDA:3,(anonymous_9)
FNDA:0,(anonymous_10)
FNDA:0,(anonymous_11)
FNDA:0,(anonymous_12)
DA:9,3
DA:10,3
DA:17,3
DA:18,3
DA:20,1
DA:21,1
DA:22,1
DA:23,1
DA:26,1
DA:27,1
DA:28,3
DA:29,0
DA:30,0
DA:31,3
DA:33,3
DA:36,1
DA:40,0
DA:42,0
DA:47,0
DA:63,3
LF:20
LH:15
BRDA:49,0,0,0
BRDA:49,0,1,0
BRF:2
BRH:0
end_of_record
TN:
SF:src/services/cache.ts
FN:15,getJson
FN:25,setJson
FNF:2
FNH:2
FNDA:12,getJson
FNDA:19,setJson
DA:3,5
DA:4,5
DA:5,5
DA:6,5
DA:8,5
DA:16,12
DA:17,12
DA:18,11
DA:19,2
DA:21,2
DA:26,19
DA:27,19
LF:12
LH:12
BRDA:18,0,0,9
BRDA:18,0,1,2
BRF:2
BRH:2
end_of_record
TN:
SF:src/store/cookbookStore.ts
FN:15,persist
FN:31,(anonymous_1)
FN:37,(anonymous_2)
FN:38,(anonymous_3)
FN:49,(anonymous_4)
FN:50,(anonymous_5)
FN:51,(anonymous_6)
FN:56,(anonymous_7)
FN:59,(anonymous_8)
FN:68,(anonymous_9)
FN:69,(anonymous_10)
FN:76,(anonymous_11)
FN:77,(anonymous_12)
FN:78,(anonymous_13)
FN:83,(anonymous_14)
FN:93,(anonymous_15)
FN:98,(anonymous_16)
FN:100,(anonymous_17)
FN:102,(anonymous_18)
FNF:19
FNH:16
FNDA:6,persist
FNDA:4,(anonymous_1)
FNDA:2,(anonymous_2)
FNDA:2,(anonymous_3)
FNDA:1,(anonymous_4)
FNDA:1,(anonymous_5)
FNDA:1,(anonymous_6)
FNDA:2,(anonymous_7)
FNDA:2,(anonymous_8)
FNDA:1,(anonymous_9)
FNDA:1,(anonymous_10)
FNDA:0,(anonymous_11)
FNDA:0,(anonymous_12)
FNDA:0,(anonymous_13)
FNDA:1,(anonymous_14)
FNDA:9,(anonymous_15)
FNDA:4,(anonymous_16)
FNDA:5,(anonymous_17)
FNDA:4,(anonymous_18)
DA:16,6
DA:19,4
DA:31,4
DA:38,2
DA:39,2
DA:41,2
DA:44,2
DA:45,2
DA:46,2
DA:50,1
DA:51,1
DA:52,1
DA:53,1
DA:57,2
DA:58,2
DA:59,2
DA:60,2
DA:61,2
DA:62,2
DA:63,2
DA:65,2
DA:69,1
DA:70,1
DA:71,1
DA:72,1
DA:73,1
DA:77,0
DA:78,0
DA:79,0
DA:80,0
DA:84,1
DA:85,1
DA:86,0
DA:87,0
DA:88,0
DA:89,0
DA:90,0
DA:94,9
DA:95,9
DA:96,9
DA:98,4
DA:100,5
DA:102,4
DA:105,2
LF:44
LH:35
BRDA:39,0,0,0
BRDA:39,0,1,2
BRDA:41,1,0,1
BRDA:41,1,1,1
BRDA:70,2,0,0
BRDA:70,2,1,1
BRDA:85,3,0,1
BRDA:85,3,1,0
BRDA:86,4,0,0
BRDA:86,4,1,0
BRDA:87,5,0,0
BRDA:87,5,1,0
BRDA:88,6,0,0
BRDA:88,6,1,0
BRDA:89,7,0,0
BRDA:89,7,1,0
BRDA:90,8,0,0
BRDA:90,8,1,0
BRDA:96,9,0,2
BRDA:96,9,1,3
BRDA:96,9,2,2
BRDA:96,9,3,2
BRDA:96,9,4,2
BRF:23
BRH:10
end_of_record
TN:
SF:src/store/feedStore.ts
FN:8,mapMealplanToRecipe
FN:17,(anonymous_1)
FN:35,(anonymous_2)
FN:39,(anonymous_3)
FN:40,(anonymous_4)
FN:57,(anonymous_5)
FN:68,(anonymous_6)
FN:69,(anonymous_7)
FN:74,(anonymous_8)
FN:75,(anonymous_9)
FN:76,(anonymous_10)
FN:78,(anonymous_11)
FNF:12
FNH:11
FNDA:15,mapMealplanToRecipe
FNDA:15,(anonymous_1)
FNDA:4,(anonymous_2)
FNDA:3,(anonymous_3)
FNDA:4,(anonymous_4)
FNDA:4,(anonymous_5)
FNDA:2,(anonymous_6)
FNDA:2,(anonymous_7)
FNDA:2,(anonymous_8)
FNDA:2,(anonymous_9)
FNDA:2,(anonymous_10)
FNDA:0,(anonymous_11)
DA:9,15
DA:17,15
DA:35,4
DA:39,3
DA:41,4
DA:42,4
DA:43,4
DA:44,4
DA:45,4
DA:46,4
DA:50,4
DA:51,4
DA:53,0
DA:54,0
DA:58,4
DA:61,4
DA:62,0
DA:63,0
DA:64,0
DA:69,2
DA:75,2
DA:76,2
DA:78,0
LF:23
LH:17
BRDA:61,0,0,0
BRDA:61,0,1,4
BRDA:63,1,0,0
BRDA:63,1,1,0
BRDA:70,2,0,0
BRDA:70,2,1,2
BRF:6
BRH:2
end_of_record
TN:
SF:src/store/inventoryStore.ts
FN:8,mapResponseToItem
FN:31,(anonymous_1)
FN:34,(anonymous_2)
FN:50,(anonymous_3)
FN:56,(anonymous_4)
FN:61,(anonymous_5)
FN:72,(anonymous_6)
FN:76,(anonymous_7)
FN:76,(anonymous_8)
FN:87,(anonymous_9)
FN:92,expiringSoon
FN:97,(anonymous_11)
FN:104,byLocation
FNF:13
FNH:11
FNDA:3,mapResponseToItem
FNDA:4,(anonymous_1)
FNDA:4,(anonymous_2)
FNDA:2,(anonymous_3)
FNDA:1,(anonymous_4)
FNDA:1,(anonymous_5)
FNDA:1,(anonymous_6)
FNDA:1,(anonymous_7)
FNDA:1,(anonymous_8)
FNDA:0,(anonymous_9)
FNDA:2,expiringSoon
FNDA:0,(anonymous_11)
FNDA:2,byLocation
DA:10,3
DA:11,3
DA:31,4
DA:35,4
DA:36,4
DA:37,4
DA:38,4
DA:39,4
DA:40,4
DA:41,4
DA:43,0
DA:44,0
DA:47,0
DA:51,2
DA:52,2
DA:53,0
DA:57,1
DA:58,1
DA:59,1
DA:60,1
DA:61,1
DA:62,1
DA:63,1
DA:64,1
DA:65,1
DA:67,0
DA:73,1
DA:74,1
DA:75,1
DA:76,1
DA:77,1
DA:78,1
DA:79,1
DA:80,1
DA:82,0
DA:87,0
DA:90,4
DA:93,2
DA:94,2
DA:95,2
DA:96,2
DA:97,2
DA:98,0
DA:99,0
DA:100,0
DA:105,2
DA:106,2
DA:107,2
DA:108,0
DA:109,0
DA:110,0
DA:112,0
DA:115,2
DA:116,2
LF:54
LH:40
BRDA:10,0,0,3
BRDA:10,0,1,3
BRDA:16,1,0,3
BRDA:16,1,1,0
BRDA:45,2,0,0
BRDA:45,2,1,0
BRDA:52,3,0,0
BRDA:52,3,1,2
BRDA:68,4,0,0
BRDA:68,4,1,0
BRDA:83,5,0,0
BRDA:83,5,1,0
BRDA:98,6,0,0
BRDA:98,6,1,0
BRDA:100,7,0,0
BRDA:100,7,1,0
BRDA:109,8,0,0
BRDA:109,8,1,0
BRDA:109,9,0,0
BRDA:109,9,1,0
BRDA:109,9,2,0
BRDA:115,10,0,0
BRDA:115,10,1,2
BRF:23
BRH:5
end_of_record
TN:
SF:src/store/uiStore.ts
FN:22,(anonymous_0)
FN:29,(anonymous_1)
FN:30,(anonymous_2)
FN:31,(anonymous_3)
FN:38,(anonymous_4)
FN:40,(anonymous_5)
FN:42,(anonymous_6)
FN:43,(anonymous_7)
FN:44,(anonymous_8)
FNF:9
FNH:6
FNDA:4,(anonymous_0)
FNDA:1,(anonymous_1)
FNDA:1,(anonymous_2)
FNDA:1,(anonymous_3)
FNDA:0,(anonymous_4)
FNDA:0,(anonymous_5)
FNDA:0,(anonymous_6)
FNDA:10,(anonymous_7)
FNDA:6,(anonymous_8)
DA:22,4
DA:29,1
DA:30,1
DA:32,1
DA:33,1
DA:34,1
DA:36,1
DA:39,0
DA:41,0
DA:42,0
DA:43,10
DA:44,6
LF:12
LH:9
BRDA:33,0,0,1
BRDA:33,0,1,0
BRF:2
BRH:1
end_of_record
TN:
SF:src/store/upcomingStore.ts
FN:19,(anonymous_0)
FN:21,(anonymous_1)
FN:22,(anonymous_2)
FN:27,(anonymous_3)
FNF:4
FNH:4
FNDA:4,(anonymous_0)
FNDA:1,(anonymous_1)
FNDA:1,(anonymous_2)
FNDA:1,(anonymous_3)
DA:19,4
DA:22,1
DA:23,1
DA:24,1
DA:25,1
DA:28,1
DA:29,1
LF:7
LH:7
BRDA:21,0,0,1
BRDA:29,1,0,0
BRDA:29,1,1,1
BRF:3
BRH:2
end_of_record
